ARM GAS  /var/folders/hv/f19l0kw128sbpybv1h43gz3c0000gn/T//ccCqitBw.s 			page 1


   1              		.cpu cortex-m4
   2              		.eabi_attribute 27, 1
   3              		.eabi_attribute 28, 1
   4              		.eabi_attribute 20, 1
   5              		.eabi_attribute 21, 1
   6              		.eabi_attribute 23, 3
   7              		.eabi_attribute 24, 1
   8              		.eabi_attribute 25, 1
   9              		.eabi_attribute 26, 1
  10              		.eabi_attribute 30, 1
  11              		.eabi_attribute 34, 1
  12              		.eabi_attribute 18, 4
  13              		.file	"minihdlc.c"
  14              		.text
  15              	.Ltext0:
  16              		.cfi_sections	.debug_frame
  17              		.section	.text._crc_ccitt_update,"ax",%progbits
  18              		.align	1
  19              		.arch armv7e-m
  20              		.syntax unified
  21              		.thumb
  22              		.thumb_func
  23              		.fpu fpv4-sp-d16
  25              	_crc_ccitt_update:
  26              	.LVL0:
  27              	.LFB0:
  28              		.file 1 "Src/minihdlc-master/minihdlc.c"
   1:Src/minihdlc-master/minihdlc.c **** #include "minihdlc.h"
   2:Src/minihdlc-master/minihdlc.c **** 
   3:Src/minihdlc-master/minihdlc.c **** /* HDLC Asynchronous framing */
   4:Src/minihdlc-master/minihdlc.c **** /* The frame boundary octet is 01111110, (7E in hexadecimal notation) */
   5:Src/minihdlc-master/minihdlc.c **** #define FRAME_BOUNDARY_OCTET 0x7E
   6:Src/minihdlc-master/minihdlc.c **** 
   7:Src/minihdlc-master/minihdlc.c **** /* A "control escape octet", has the bit sequence '01111101', (7D hexadecimal) */
   8:Src/minihdlc-master/minihdlc.c **** #define CONTROL_ESCAPE_OCTET 0x7D
   9:Src/minihdlc-master/minihdlc.c **** 
  10:Src/minihdlc-master/minihdlc.c **** /* If either of these two octets appears in the transmitted data, an escape octet is sent, */
  11:Src/minihdlc-master/minihdlc.c **** /* followed by the original data octet with bit 5 inverted */
  12:Src/minihdlc-master/minihdlc.c **** #define INVERT_OCTET 0x20
  13:Src/minihdlc-master/minihdlc.c **** 
  14:Src/minihdlc-master/minihdlc.c **** /* The frame check sequence (FCS) is a 16-bit CRC-CCITT */
  15:Src/minihdlc-master/minihdlc.c **** /* AVR Libc CRC function is _crc_ccitt_update() */
  16:Src/minihdlc-master/minihdlc.c **** /* Corresponding CRC function in Qt (www.qt.io) is qChecksum() */
  17:Src/minihdlc-master/minihdlc.c **** #define CRC16_CCITT_INIT_VAL 0xFFFF
  18:Src/minihdlc-master/minihdlc.c **** 
  19:Src/minihdlc-master/minihdlc.c **** /* 16bit low and high bytes copier */
  20:Src/minihdlc-master/minihdlc.c **** #define low(x) ((x)&0xFF)
  21:Src/minihdlc-master/minihdlc.c **** #define high(x) (((x) >> 8) & 0xFF)
  22:Src/minihdlc-master/minihdlc.c **** 
  23:Src/minihdlc-master/minihdlc.c **** #define lo8(x) ((x)&0xff)
  24:Src/minihdlc-master/minihdlc.c **** #define hi8(x) ((x) >> 8)
  25:Src/minihdlc-master/minihdlc.c **** 
  26:Src/minihdlc-master/minihdlc.c **** struct
  27:Src/minihdlc-master/minihdlc.c **** {
  28:Src/minihdlc-master/minihdlc.c **** 	sendchar_type sendchar_function;
  29:Src/minihdlc-master/minihdlc.c **** 	frame_handler_type frame_handler;
  30:Src/minihdlc-master/minihdlc.c **** 	bool escape_character;
ARM GAS  /var/folders/hv/f19l0kw128sbpybv1h43gz3c0000gn/T//ccCqitBw.s 			page 2


  31:Src/minihdlc-master/minihdlc.c **** 	uint16_t frame_position;
  32:Src/minihdlc-master/minihdlc.c **** 	uint16_t frame_checksum;
  33:Src/minihdlc-master/minihdlc.c **** 	uint8_t receive_frame_buffer[MINIHDLC_MAX_FRAME_LENGTH + 1];
  34:Src/minihdlc-master/minihdlc.c **** } mhst;
  35:Src/minihdlc-master/minihdlc.c **** 
  36:Src/minihdlc-master/minihdlc.c **** /*
  37:Src/minihdlc-master/minihdlc.c ****  Polynomial: x^16 + x^12 + x^5 + 1 (0x8408) Initial value: 0xffff
  38:Src/minihdlc-master/minihdlc.c ****  This is the CRC used by PPP and IrDA.
  39:Src/minihdlc-master/minihdlc.c ****  See RFC1171 (PPP protocol) and IrDA IrLAP 1.1
  40:Src/minihdlc-master/minihdlc.c ****  */
  41:Src/minihdlc-master/minihdlc.c **** static uint16_t _crc_ccitt_update(uint16_t crc, uint8_t data)
  42:Src/minihdlc-master/minihdlc.c **** {
  29              		.loc 1 42 1 view -0
  30              		.cfi_startproc
  31              		@ args = 0, pretend = 0, frame = 0
  32              		@ frame_needed = 0, uses_anonymous_args = 0
  33              		@ link register save eliminated.
  43:Src/minihdlc-master/minihdlc.c **** 	data ^= lo8(crc);
  34              		.loc 1 43 2 view .LVU1
  35              		.loc 1 43 7 is_stmt 0 view .LVU2
  36 0000 4140     		eors	r1, r1, r0
  37              	.LVL1:
  38              		.loc 1 43 7 view .LVU3
  39 0002 49B2     		sxtb	r1, r1
  40 0004 CBB2     		uxtb	r3, r1
  41              	.LVL2:
  44:Src/minihdlc-master/minihdlc.c **** 	data ^= data << 4;
  42              		.loc 1 44 2 is_stmt 1 view .LVU4
  43              		.loc 1 44 7 is_stmt 0 view .LVU5
  44 0006 81EA0311 		eor	r1, r1, r3, lsl #4
  45 000a C9B2     		uxtb	r1, r1
  46              	.LVL3:
  45:Src/minihdlc-master/minihdlc.c **** 
  46:Src/minihdlc-master/minihdlc.c **** 	return ((((uint16_t)data << 8) | hi8(crc)) ^ (uint8_t)(data >> 4) ^ ((uint16_t)data << 3));
  47              		.loc 1 46 2 is_stmt 1 view .LVU6
  48              		.loc 1 46 33 is_stmt 0 view .LVU7
  49 000c 000A     		lsrs	r0, r0, #8
  50              	.LVL4:
  51              		.loc 1 46 33 view .LVU8
  52 000e 40EA0120 		orr	r0, r0, r1, lsl #8
  53 0012 00B2     		sxth	r0, r0
  54              		.loc 1 46 45 view .LVU9
  55 0014 80EA1110 		eor	r0, r0, r1, lsr #4
  56              		.loc 1 46 68 view .LVU10
  57 0018 80EAC100 		eor	r0, r0, r1, lsl #3
  47:Src/minihdlc-master/minihdlc.c **** }
  58              		.loc 1 47 1 view .LVU11
  59 001c 80B2     		uxth	r0, r0
  60 001e 7047     		bx	lr
  61              		.cfi_endproc
  62              	.LFE0:
  64              		.section	.text.buffer_init,"ax",%progbits
  65              		.align	1
  66              		.syntax unified
  67              		.thumb
  68              		.thumb_func
  69              		.fpu fpv4-sp-d16
ARM GAS  /var/folders/hv/f19l0kw128sbpybv1h43gz3c0000gn/T//ccCqitBw.s 			page 3


  71              	buffer_init:
  72              	.LFB5:
  48:Src/minihdlc-master/minihdlc.c **** 
  49:Src/minihdlc-master/minihdlc.c **** void minihdlc_init(sendchar_type sendchar_function,
  50:Src/minihdlc-master/minihdlc.c **** 				   frame_handler_type frame_handler_function)
  51:Src/minihdlc-master/minihdlc.c **** {
  52:Src/minihdlc-master/minihdlc.c **** 	mhst.sendchar_function = sendchar_function;
  53:Src/minihdlc-master/minihdlc.c **** 	mhst.frame_handler = frame_handler_function;
  54:Src/minihdlc-master/minihdlc.c **** 	mhst.frame_position = 0;
  55:Src/minihdlc-master/minihdlc.c **** 	mhst.frame_checksum = CRC16_CCITT_INIT_VAL;
  56:Src/minihdlc-master/minihdlc.c **** 	mhst.escape_character = false;
  57:Src/minihdlc-master/minihdlc.c **** }
  58:Src/minihdlc-master/minihdlc.c **** 
  59:Src/minihdlc-master/minihdlc.c **** /* Function to send a byte throug USART, I2C, SPI etc.*/
  60:Src/minihdlc-master/minihdlc.c **** static inline void minihdlc_sendchar(uint8_t data)
  61:Src/minihdlc-master/minihdlc.c **** {
  62:Src/minihdlc-master/minihdlc.c **** 	if (mhst.sendchar_function)
  63:Src/minihdlc-master/minihdlc.c **** 	{
  64:Src/minihdlc-master/minihdlc.c **** 		(*mhst.sendchar_function)(data);
  65:Src/minihdlc-master/minihdlc.c **** 	}
  66:Src/minihdlc-master/minihdlc.c **** }
  67:Src/minihdlc-master/minihdlc.c **** 
  68:Src/minihdlc-master/minihdlc.c **** /* Function to find valid HDLC frame from incoming data */
  69:Src/minihdlc-master/minihdlc.c **** void minihdlc_char_receiver(uint8_t data)
  70:Src/minihdlc-master/minihdlc.c **** {
  71:Src/minihdlc-master/minihdlc.c **** 	/* FRAME FLAG */
  72:Src/minihdlc-master/minihdlc.c **** 	if (data == FRAME_BOUNDARY_OCTET)
  73:Src/minihdlc-master/minihdlc.c **** 	{
  74:Src/minihdlc-master/minihdlc.c **** 		if (mhst.escape_character == true)
  75:Src/minihdlc-master/minihdlc.c **** 		{
  76:Src/minihdlc-master/minihdlc.c **** 			mhst.escape_character = false;
  77:Src/minihdlc-master/minihdlc.c **** 		}
  78:Src/minihdlc-master/minihdlc.c **** 		/* If a valid frame is detected */
  79:Src/minihdlc-master/minihdlc.c **** 		else if ((mhst.frame_position >= 2) && (mhst.frame_checksum == ((mhst.receive_frame_buffer[mhst.f
  80:Src/minihdlc-master/minihdlc.c **** 																		 << 8) |
  81:Src/minihdlc-master/minihdlc.c **** 																		(mhst.receive_frame_buffer[mhst.frame_position - 2] & 0xff)))) // (msb << 8 ) | (
  82:Src/minihdlc-master/minihdlc.c **** 		{
  83:Src/minihdlc-master/minihdlc.c **** 			/* Call the user defined function and pass frame to it */
  84:Src/minihdlc-master/minihdlc.c **** 			(*mhst.frame_handler)(mhst.receive_frame_buffer,
  85:Src/minihdlc-master/minihdlc.c **** 								  mhst.frame_position - 2);
  86:Src/minihdlc-master/minihdlc.c **** 		}
  87:Src/minihdlc-master/minihdlc.c **** 		mhst.frame_position = 0;
  88:Src/minihdlc-master/minihdlc.c **** 		mhst.frame_checksum = CRC16_CCITT_INIT_VAL;
  89:Src/minihdlc-master/minihdlc.c **** 		return;
  90:Src/minihdlc-master/minihdlc.c **** 	}
  91:Src/minihdlc-master/minihdlc.c **** 
  92:Src/minihdlc-master/minihdlc.c **** 	if (mhst.escape_character)
  93:Src/minihdlc-master/minihdlc.c **** 	{
  94:Src/minihdlc-master/minihdlc.c **** 		mhst.escape_character = false;
  95:Src/minihdlc-master/minihdlc.c **** 		data ^= INVERT_OCTET;
  96:Src/minihdlc-master/minihdlc.c **** 	}
  97:Src/minihdlc-master/minihdlc.c **** 	else if (data == CONTROL_ESCAPE_OCTET)
  98:Src/minihdlc-master/minihdlc.c **** 	{
  99:Src/minihdlc-master/minihdlc.c **** 		mhst.escape_character = true;
 100:Src/minihdlc-master/minihdlc.c **** 		return;
 101:Src/minihdlc-master/minihdlc.c **** 	}
 102:Src/minihdlc-master/minihdlc.c **** 
ARM GAS  /var/folders/hv/f19l0kw128sbpybv1h43gz3c0000gn/T//ccCqitBw.s 			page 4


 103:Src/minihdlc-master/minihdlc.c **** 	mhst.receive_frame_buffer[mhst.frame_position] = data;
 104:Src/minihdlc-master/minihdlc.c **** 
 105:Src/minihdlc-master/minihdlc.c **** 	if (mhst.frame_position - 2 >= 0)
 106:Src/minihdlc-master/minihdlc.c **** 	{
 107:Src/minihdlc-master/minihdlc.c **** 		mhst.frame_checksum = _crc_ccitt_update(mhst.frame_checksum,
 108:Src/minihdlc-master/minihdlc.c **** 												mhst.receive_frame_buffer[mhst.frame_position - 2]);
 109:Src/minihdlc-master/minihdlc.c **** 	}
 110:Src/minihdlc-master/minihdlc.c **** 
 111:Src/minihdlc-master/minihdlc.c **** 	mhst.frame_position++;
 112:Src/minihdlc-master/minihdlc.c **** 
 113:Src/minihdlc-master/minihdlc.c **** 	if (mhst.frame_position == MINIHDLC_MAX_FRAME_LENGTH)
 114:Src/minihdlc-master/minihdlc.c **** 	{
 115:Src/minihdlc-master/minihdlc.c **** 		mhst.frame_position = 0;
 116:Src/minihdlc-master/minihdlc.c **** 		mhst.frame_checksum = CRC16_CCITT_INIT_VAL;
 117:Src/minihdlc-master/minihdlc.c **** 	}
 118:Src/minihdlc-master/minihdlc.c **** }
 119:Src/minihdlc-master/minihdlc.c **** 
 120:Src/minihdlc-master/minihdlc.c **** /* Wrap given data in HDLC frame and send it out byte at a time*/
 121:Src/minihdlc-master/minihdlc.c **** void minihdlc_send_frame(const uint8_t *frame_buffer, uint8_t frame_length)
 122:Src/minihdlc-master/minihdlc.c **** {
 123:Src/minihdlc-master/minihdlc.c **** 	uint8_t data;
 124:Src/minihdlc-master/minihdlc.c **** 	uint16_t fcs = CRC16_CCITT_INIT_VAL;
 125:Src/minihdlc-master/minihdlc.c **** 
 126:Src/minihdlc-master/minihdlc.c **** 	minihdlc_sendchar((uint8_t)FRAME_BOUNDARY_OCTET);
 127:Src/minihdlc-master/minihdlc.c **** 
 128:Src/minihdlc-master/minihdlc.c **** 	while (frame_length)
 129:Src/minihdlc-master/minihdlc.c **** 	{
 130:Src/minihdlc-master/minihdlc.c **** 		data = *frame_buffer++;
 131:Src/minihdlc-master/minihdlc.c **** 		fcs = _crc_ccitt_update(fcs, data);
 132:Src/minihdlc-master/minihdlc.c **** 		if ((data == CONTROL_ESCAPE_OCTET) || (data == FRAME_BOUNDARY_OCTET))
 133:Src/minihdlc-master/minihdlc.c **** 		{
 134:Src/minihdlc-master/minihdlc.c **** 			minihdlc_sendchar((uint8_t)CONTROL_ESCAPE_OCTET);
 135:Src/minihdlc-master/minihdlc.c **** 			data ^= INVERT_OCTET;
 136:Src/minihdlc-master/minihdlc.c **** 		}
 137:Src/minihdlc-master/minihdlc.c **** 		minihdlc_sendchar((uint8_t)data);
 138:Src/minihdlc-master/minihdlc.c **** 		frame_length--;
 139:Src/minihdlc-master/minihdlc.c **** 	}
 140:Src/minihdlc-master/minihdlc.c **** 	data = low(fcs);
 141:Src/minihdlc-master/minihdlc.c **** 	if ((data == CONTROL_ESCAPE_OCTET) || (data == FRAME_BOUNDARY_OCTET))
 142:Src/minihdlc-master/minihdlc.c **** 	{
 143:Src/minihdlc-master/minihdlc.c **** 		minihdlc_sendchar((uint8_t)CONTROL_ESCAPE_OCTET);
 144:Src/minihdlc-master/minihdlc.c **** 		data ^= (uint8_t)INVERT_OCTET;
 145:Src/minihdlc-master/minihdlc.c **** 	}
 146:Src/minihdlc-master/minihdlc.c **** 	minihdlc_sendchar((uint8_t)data);
 147:Src/minihdlc-master/minihdlc.c **** 	data = high(fcs);
 148:Src/minihdlc-master/minihdlc.c **** 	if ((data == CONTROL_ESCAPE_OCTET) || (data == FRAME_BOUNDARY_OCTET))
 149:Src/minihdlc-master/minihdlc.c **** 	{
 150:Src/minihdlc-master/minihdlc.c **** 		minihdlc_sendchar(CONTROL_ESCAPE_OCTET);
 151:Src/minihdlc-master/minihdlc.c **** 		data ^= INVERT_OCTET;
 152:Src/minihdlc-master/minihdlc.c **** 	}
 153:Src/minihdlc-master/minihdlc.c **** 	minihdlc_sendchar(data);
 154:Src/minihdlc-master/minihdlc.c **** 	minihdlc_sendchar(FRAME_BOUNDARY_OCTET);
 155:Src/minihdlc-master/minihdlc.c **** }
 156:Src/minihdlc-master/minihdlc.c **** 
 157:Src/minihdlc-master/minihdlc.c **** /* Wrap given data in HDLC frame and send it to static buffer*/
 158:Src/minihdlc-master/minihdlc.c **** 
 159:Src/minihdlc-master/minihdlc.c **** static uint8_t frame_buffer[MINIHDLC_MAX_FRAME_LENGTH + 1];
ARM GAS  /var/folders/hv/f19l0kw128sbpybv1h43gz3c0000gn/T//ccCqitBw.s 			page 5


 160:Src/minihdlc-master/minihdlc.c **** static uint32_t frame_buffer_size = 0;
 161:Src/minihdlc-master/minihdlc.c **** 
 162:Src/minihdlc-master/minihdlc.c **** static void buffer_init()
 163:Src/minihdlc-master/minihdlc.c **** {
  73              		.loc 1 163 1 is_stmt 1 view -0
  74              		.cfi_startproc
  75              		@ args = 0, pretend = 0, frame = 0
  76              		@ frame_needed = 0, uses_anonymous_args = 0
  77              		@ link register save eliminated.
 164:Src/minihdlc-master/minihdlc.c **** 	frame_buffer_size = 0;
  78              		.loc 1 164 2 view .LVU13
  79              		.loc 1 164 20 is_stmt 0 view .LVU14
  80 0000 014B     		ldr	r3, .L3
  81 0002 0022     		movs	r2, #0
  82 0004 1A60     		str	r2, [r3]
 165:Src/minihdlc-master/minihdlc.c **** }
  83              		.loc 1 165 1 view .LVU15
  84 0006 7047     		bx	lr
  85              	.L4:
  86              		.align	2
  87              	.L3:
  88 0008 00000000 		.word	.LANCHOR0
  89              		.cfi_endproc
  90              	.LFE5:
  92              		.section	.text.buffer_push,"ax",%progbits
  93              		.align	1
  94              		.syntax unified
  95              		.thumb
  96              		.thumb_func
  97              		.fpu fpv4-sp-d16
  99              	buffer_push:
 100              	.LVL5:
 101              	.LFB6:
 166:Src/minihdlc-master/minihdlc.c **** 
 167:Src/minihdlc-master/minihdlc.c **** static void buffer_push(uint8_t data)
 168:Src/minihdlc-master/minihdlc.c **** {
 102              		.loc 1 168 1 is_stmt 1 view -0
 103              		.cfi_startproc
 104              		@ args = 0, pretend = 0, frame = 0
 105              		@ frame_needed = 0, uses_anonymous_args = 0
 106              		@ link register save eliminated.
 169:Src/minihdlc-master/minihdlc.c **** 	if (frame_buffer_size >= MINIHDLC_MAX_FRAME_LENGTH)
 107              		.loc 1 169 2 view .LVU17
 108              		.loc 1 169 24 is_stmt 0 view .LVU18
 109 0000 044B     		ldr	r3, .L7
 110 0002 1B68     		ldr	r3, [r3]
 111              		.loc 1 169 5 view .LVU19
 112 0004 3F2B     		cmp	r3, #63
 113 0006 04D8     		bhi	.L5
 170:Src/minihdlc-master/minihdlc.c **** 	{
 171:Src/minihdlc-master/minihdlc.c **** 		return;
 172:Src/minihdlc-master/minihdlc.c **** 	}
 173:Src/minihdlc-master/minihdlc.c **** 	frame_buffer[frame_buffer_size] = data;
 114              		.loc 1 173 2 is_stmt 1 view .LVU20
 115              		.loc 1 173 34 is_stmt 0 view .LVU21
 116 0008 034A     		ldr	r2, .L7+4
 117 000a D054     		strb	r0, [r2, r3]
ARM GAS  /var/folders/hv/f19l0kw128sbpybv1h43gz3c0000gn/T//ccCqitBw.s 			page 6


 174:Src/minihdlc-master/minihdlc.c **** 	frame_buffer_size++;
 118              		.loc 1 174 2 is_stmt 1 view .LVU22
 119              		.loc 1 174 19 is_stmt 0 view .LVU23
 120 000c 0133     		adds	r3, r3, #1
 121 000e 014A     		ldr	r2, .L7
 122 0010 1360     		str	r3, [r2]
 123              	.L5:
 175:Src/minihdlc-master/minihdlc.c **** }
 124              		.loc 1 175 1 view .LVU24
 125 0012 7047     		bx	lr
 126              	.L8:
 127              		.align	2
 128              	.L7:
 129 0014 00000000 		.word	.LANCHOR0
 130 0018 00000000 		.word	.LANCHOR1
 131              		.cfi_endproc
 132              	.LFE6:
 134              		.section	.text.minihdlc_init,"ax",%progbits
 135              		.align	1
 136              		.global	minihdlc_init
 137              		.syntax unified
 138              		.thumb
 139              		.thumb_func
 140              		.fpu fpv4-sp-d16
 142              	minihdlc_init:
 143              	.LVL6:
 144              	.LFB1:
  51:Src/minihdlc-master/minihdlc.c **** 	mhst.sendchar_function = sendchar_function;
 145              		.loc 1 51 1 is_stmt 1 view -0
 146              		.cfi_startproc
 147              		@ args = 0, pretend = 0, frame = 0
 148              		@ frame_needed = 0, uses_anonymous_args = 0
 149              		@ link register save eliminated.
  52:Src/minihdlc-master/minihdlc.c **** 	mhst.frame_handler = frame_handler_function;
 150              		.loc 1 52 2 view .LVU26
  52:Src/minihdlc-master/minihdlc.c **** 	mhst.frame_handler = frame_handler_function;
 151              		.loc 1 52 25 is_stmt 0 view .LVU27
 152 0000 044B     		ldr	r3, .L10
 153 0002 1860     		str	r0, [r3]
  53:Src/minihdlc-master/minihdlc.c **** 	mhst.frame_position = 0;
 154              		.loc 1 53 2 is_stmt 1 view .LVU28
  53:Src/minihdlc-master/minihdlc.c **** 	mhst.frame_position = 0;
 155              		.loc 1 53 21 is_stmt 0 view .LVU29
 156 0004 5960     		str	r1, [r3, #4]
  54:Src/minihdlc-master/minihdlc.c **** 	mhst.frame_checksum = CRC16_CCITT_INIT_VAL;
 157              		.loc 1 54 2 is_stmt 1 view .LVU30
  54:Src/minihdlc-master/minihdlc.c **** 	mhst.frame_checksum = CRC16_CCITT_INIT_VAL;
 158              		.loc 1 54 22 is_stmt 0 view .LVU31
 159 0006 0022     		movs	r2, #0
 160 0008 5A81     		strh	r2, [r3, #10]	@ movhi
  55:Src/minihdlc-master/minihdlc.c **** 	mhst.escape_character = false;
 161              		.loc 1 55 2 is_stmt 1 view .LVU32
  55:Src/minihdlc-master/minihdlc.c **** 	mhst.escape_character = false;
 162              		.loc 1 55 22 is_stmt 0 view .LVU33
 163 000a 4FF6FF71 		movw	r1, #65535
 164              	.LVL7:
  55:Src/minihdlc-master/minihdlc.c **** 	mhst.escape_character = false;
ARM GAS  /var/folders/hv/f19l0kw128sbpybv1h43gz3c0000gn/T//ccCqitBw.s 			page 7


 165              		.loc 1 55 22 view .LVU34
 166 000e 9981     		strh	r1, [r3, #12]	@ movhi
  56:Src/minihdlc-master/minihdlc.c **** }
 167              		.loc 1 56 2 is_stmt 1 view .LVU35
  56:Src/minihdlc-master/minihdlc.c **** }
 168              		.loc 1 56 24 is_stmt 0 view .LVU36
 169 0010 1A72     		strb	r2, [r3, #8]
  57:Src/minihdlc-master/minihdlc.c **** 
 170              		.loc 1 57 1 view .LVU37
 171 0012 7047     		bx	lr
 172              	.L11:
 173              		.align	2
 174              	.L10:
 175 0014 00000000 		.word	mhst
 176              		.cfi_endproc
 177              	.LFE1:
 179              		.section	.text.minihdlc_char_receiver,"ax",%progbits
 180              		.align	1
 181              		.global	minihdlc_char_receiver
 182              		.syntax unified
 183              		.thumb
 184              		.thumb_func
 185              		.fpu fpv4-sp-d16
 187              	minihdlc_char_receiver:
 188              	.LVL8:
 189              	.LFB3:
  70:Src/minihdlc-master/minihdlc.c **** 	/* FRAME FLAG */
 190              		.loc 1 70 1 is_stmt 1 view -0
 191              		.cfi_startproc
 192              		@ args = 0, pretend = 0, frame = 0
 193              		@ frame_needed = 0, uses_anonymous_args = 0
  70:Src/minihdlc-master/minihdlc.c **** 	/* FRAME FLAG */
 194              		.loc 1 70 1 is_stmt 0 view .LVU39
 195 0000 38B5     		push	{r3, r4, r5, lr}
 196              	.LCFI0:
 197              		.cfi_def_cfa_offset 16
 198              		.cfi_offset 3, -16
 199              		.cfi_offset 4, -12
 200              		.cfi_offset 5, -8
 201              		.cfi_offset 14, -4
  72:Src/minihdlc-master/minihdlc.c **** 	{
 202              		.loc 1 72 2 is_stmt 1 view .LVU40
  72:Src/minihdlc-master/minihdlc.c **** 	{
 203              		.loc 1 72 5 is_stmt 0 view .LVU41
 204 0002 7E28     		cmp	r0, #126
 205 0004 1DD0     		beq	.L21
  92:Src/minihdlc-master/minihdlc.c **** 	{
 206              		.loc 1 92 2 is_stmt 1 view .LVU42
  92:Src/minihdlc-master/minihdlc.c **** 	{
 207              		.loc 1 92 10 is_stmt 0 view .LVU43
 208 0006 264B     		ldr	r3, .L23
 209 0008 1B7A     		ldrb	r3, [r3, #8]	@ zero_extendqisi2
  92:Src/minihdlc-master/minihdlc.c **** 	{
 210              		.loc 1 92 5 view .LVU44
 211 000a 002B     		cmp	r3, #0
 212 000c 3BD0     		beq	.L17
  94:Src/minihdlc-master/minihdlc.c **** 		data ^= INVERT_OCTET;
ARM GAS  /var/folders/hv/f19l0kw128sbpybv1h43gz3c0000gn/T//ccCqitBw.s 			page 8


 213              		.loc 1 94 3 is_stmt 1 view .LVU45
  94:Src/minihdlc-master/minihdlc.c **** 		data ^= INVERT_OCTET;
 214              		.loc 1 94 25 is_stmt 0 view .LVU46
 215 000e 244B     		ldr	r3, .L23
 216 0010 0022     		movs	r2, #0
 217 0012 1A72     		strb	r2, [r3, #8]
  95:Src/minihdlc-master/minihdlc.c **** 	}
 218              		.loc 1 95 3 is_stmt 1 view .LVU47
  95:Src/minihdlc-master/minihdlc.c **** 	}
 219              		.loc 1 95 8 is_stmt 0 view .LVU48
 220 0014 80F02000 		eor	r0, r0, #32
 221              	.LVL9:
 222              	.L18:
 103:Src/minihdlc-master/minihdlc.c **** 
 223              		.loc 1 103 2 is_stmt 1 view .LVU49
 103:Src/minihdlc-master/minihdlc.c **** 
 224              		.loc 1 103 32 is_stmt 0 view .LVU50
 225 0018 214B     		ldr	r3, .L23
 226 001a 5C89     		ldrh	r4, [r3, #10]
 103:Src/minihdlc-master/minihdlc.c **** 
 227              		.loc 1 103 49 view .LVU51
 228 001c 2344     		add	r3, r3, r4
 229 001e 9873     		strb	r0, [r3, #14]
 105:Src/minihdlc-master/minihdlc.c **** 	{
 230              		.loc 1 105 2 is_stmt 1 view .LVU52
 105:Src/minihdlc-master/minihdlc.c **** 	{
 231              		.loc 1 105 5 is_stmt 0 view .LVU53
 232 0020 012C     		cmp	r4, #1
 233 0022 07D9     		bls	.L19
 107:Src/minihdlc-master/minihdlc.c **** 												mhst.receive_frame_buffer[mhst.frame_position - 2]);
 234              		.loc 1 107 3 is_stmt 1 view .LVU54
 108:Src/minihdlc-master/minihdlc.c **** 	}
 235              		.loc 1 108 59 is_stmt 0 view .LVU55
 236 0024 A31E     		subs	r3, r4, #2
 107:Src/minihdlc-master/minihdlc.c **** 												mhst.receive_frame_buffer[mhst.frame_position - 2]);
 237              		.loc 1 107 25 view .LVU56
 238 0026 1E4D     		ldr	r5, .L23
 239 0028 2B44     		add	r3, r3, r5
 240 002a 997B     		ldrb	r1, [r3, #14]	@ zero_extendqisi2
 241 002c A889     		ldrh	r0, [r5, #12]
 242              	.LVL10:
 107:Src/minihdlc-master/minihdlc.c **** 												mhst.receive_frame_buffer[mhst.frame_position - 2]);
 243              		.loc 1 107 25 view .LVU57
 244 002e FFF7FEFF 		bl	_crc_ccitt_update
 245              	.LVL11:
 107:Src/minihdlc-master/minihdlc.c **** 												mhst.receive_frame_buffer[mhst.frame_position - 2]);
 246              		.loc 1 107 23 view .LVU58
 247 0032 A881     		strh	r0, [r5, #12]	@ movhi
 248              	.L19:
 111:Src/minihdlc-master/minihdlc.c **** 
 249              		.loc 1 111 2 is_stmt 1 view .LVU59
 111:Src/minihdlc-master/minihdlc.c **** 
 250              		.loc 1 111 21 is_stmt 0 view .LVU60
 251 0034 0134     		adds	r4, r4, #1
 252 0036 A4B2     		uxth	r4, r4
 253 0038 194B     		ldr	r3, .L23
 254 003a 5C81     		strh	r4, [r3, #10]	@ movhi
ARM GAS  /var/folders/hv/f19l0kw128sbpybv1h43gz3c0000gn/T//ccCqitBw.s 			page 9


 113:Src/minihdlc-master/minihdlc.c **** 	{
 255              		.loc 1 113 2 is_stmt 1 view .LVU61
 113:Src/minihdlc-master/minihdlc.c **** 	{
 256              		.loc 1 113 5 is_stmt 0 view .LVU62
 257 003c 402C     		cmp	r4, #64
 258 003e 28D0     		beq	.L22
 259              	.L12:
 118:Src/minihdlc-master/minihdlc.c **** 
 260              		.loc 1 118 1 view .LVU63
 261 0040 38BD     		pop	{r3, r4, r5, pc}
 262              	.LVL12:
 263              	.L21:
  74:Src/minihdlc-master/minihdlc.c **** 		{
 264              		.loc 1 74 3 is_stmt 1 view .LVU64
  74:Src/minihdlc-master/minihdlc.c **** 		{
 265              		.loc 1 74 11 is_stmt 0 view .LVU65
 266 0042 174B     		ldr	r3, .L23
 267 0044 1B7A     		ldrb	r3, [r3, #8]	@ zero_extendqisi2
  74:Src/minihdlc-master/minihdlc.c **** 		{
 268              		.loc 1 74 6 view .LVU66
 269 0046 4BB1     		cbz	r3, .L14
  76:Src/minihdlc-master/minihdlc.c **** 		}
 270              		.loc 1 76 4 is_stmt 1 view .LVU67
  76:Src/minihdlc-master/minihdlc.c **** 		}
 271              		.loc 1 76 26 is_stmt 0 view .LVU68
 272 0048 154B     		ldr	r3, .L23
 273 004a 0022     		movs	r2, #0
 274 004c 1A72     		strb	r2, [r3, #8]
 275              	.LVL13:
 276              	.L15:
  87:Src/minihdlc-master/minihdlc.c **** 		mhst.frame_checksum = CRC16_CCITT_INIT_VAL;
 277              		.loc 1 87 3 is_stmt 1 view .LVU69
  87:Src/minihdlc-master/minihdlc.c **** 		mhst.frame_checksum = CRC16_CCITT_INIT_VAL;
 278              		.loc 1 87 23 is_stmt 0 view .LVU70
 279 004e 144B     		ldr	r3, .L23
 280 0050 0022     		movs	r2, #0
 281 0052 5A81     		strh	r2, [r3, #10]	@ movhi
  88:Src/minihdlc-master/minihdlc.c **** 		return;
 282              		.loc 1 88 3 is_stmt 1 view .LVU71
  88:Src/minihdlc-master/minihdlc.c **** 		return;
 283              		.loc 1 88 23 is_stmt 0 view .LVU72
 284 0054 4FF6FF72 		movw	r2, #65535
 285 0058 9A81     		strh	r2, [r3, #12]	@ movhi
  89:Src/minihdlc-master/minihdlc.c **** 	}
 286              		.loc 1 89 3 is_stmt 1 view .LVU73
 287 005a F1E7     		b	.L12
 288              	.LVL14:
 289              	.L14:
  79:Src/minihdlc-master/minihdlc.c **** 																		 << 8) |
 290              		.loc 1 79 8 view .LVU74
  79:Src/minihdlc-master/minihdlc.c **** 																		 << 8) |
 291              		.loc 1 79 17 is_stmt 0 view .LVU75
 292 005c 104B     		ldr	r3, .L23
 293 005e 5989     		ldrh	r1, [r3, #10]
  79:Src/minihdlc-master/minihdlc.c **** 																		 << 8) |
 294              		.loc 1 79 11 view .LVU76
 295 0060 0129     		cmp	r1, #1
ARM GAS  /var/folders/hv/f19l0kw128sbpybv1h43gz3c0000gn/T//ccCqitBw.s 			page 10


 296 0062 F4D9     		bls	.L15
  79:Src/minihdlc-master/minihdlc.c **** 																		 << 8) |
 297              		.loc 1 79 47 discriminator 1 view .LVU77
 298 0064 9889     		ldrh	r0, [r3, #12]
 299              	.LVL15:
  79:Src/minihdlc-master/minihdlc.c **** 																		 << 8) |
 300              		.loc 1 79 114 discriminator 1 view .LVU78
 301 0066 4A1E     		subs	r2, r1, #1
  79:Src/minihdlc-master/minihdlc.c **** 																		 << 8) |
 302              		.loc 1 79 93 discriminator 1 view .LVU79
 303 0068 1A44     		add	r2, r2, r3
 304 006a 927B     		ldrb	r2, [r2, #14]	@ zero_extendqisi2
  81:Src/minihdlc-master/minihdlc.c **** 		{
 305              		.loc 1 81 66 discriminator 1 view .LVU80
 306 006c 8C1E     		subs	r4, r1, #2
  81:Src/minihdlc-master/minihdlc.c **** 		{
 307              		.loc 1 81 45 discriminator 1 view .LVU81
 308 006e 2344     		add	r3, r3, r4
 309 0070 9B7B     		ldrb	r3, [r3, #14]	@ zero_extendqisi2
  80:Src/minihdlc-master/minihdlc.c **** 																		(mhst.receive_frame_buffer[mhst.frame_position - 2] & 0xff)))) // (msb << 8 ) | (
 310              		.loc 1 80 26 discriminator 1 view .LVU82
 311 0072 43EA0223 		orr	r3, r3, r2, lsl #8
  79:Src/minihdlc-master/minihdlc.c **** 																		 << 8) |
 312              		.loc 1 79 39 discriminator 1 view .LVU83
 313 0076 9842     		cmp	r0, r3
 314 0078 E9D1     		bne	.L15
  84:Src/minihdlc-master/minihdlc.c **** 								  mhst.frame_position - 2);
 315              		.loc 1 84 4 is_stmt 1 view .LVU84
  84:Src/minihdlc-master/minihdlc.c **** 								  mhst.frame_position - 2);
 316              		.loc 1 84 5 is_stmt 0 view .LVU85
 317 007a 0A48     		ldr	r0, .L23+4
 318 007c 50F80A3C 		ldr	r3, [r0, #-10]
 319 0080 A1B2     		uxth	r1, r4
 320 0082 9847     		blx	r3
 321              	.LVL16:
 322 0084 E3E7     		b	.L15
 323              	.LVL17:
 324              	.L17:
  97:Src/minihdlc-master/minihdlc.c **** 	{
 325              		.loc 1 97 7 is_stmt 1 view .LVU86
  97:Src/minihdlc-master/minihdlc.c **** 	{
 326              		.loc 1 97 10 is_stmt 0 view .LVU87
 327 0086 7D28     		cmp	r0, #125
 328 0088 C6D1     		bne	.L18
  99:Src/minihdlc-master/minihdlc.c **** 		return;
 329              		.loc 1 99 3 is_stmt 1 view .LVU88
  99:Src/minihdlc-master/minihdlc.c **** 		return;
 330              		.loc 1 99 25 is_stmt 0 view .LVU89
 331 008a 054B     		ldr	r3, .L23
 332 008c 0122     		movs	r2, #1
 333 008e 1A72     		strb	r2, [r3, #8]
 100:Src/minihdlc-master/minihdlc.c **** 	}
 334              		.loc 1 100 3 is_stmt 1 view .LVU90
 335 0090 D6E7     		b	.L12
 336              	.LVL18:
 337              	.L22:
 115:Src/minihdlc-master/minihdlc.c **** 		mhst.frame_checksum = CRC16_CCITT_INIT_VAL;
ARM GAS  /var/folders/hv/f19l0kw128sbpybv1h43gz3c0000gn/T//ccCqitBw.s 			page 11


 338              		.loc 1 115 3 view .LVU91
 115:Src/minihdlc-master/minihdlc.c **** 		mhst.frame_checksum = CRC16_CCITT_INIT_VAL;
 339              		.loc 1 115 23 is_stmt 0 view .LVU92
 340 0092 0022     		movs	r2, #0
 341 0094 5A81     		strh	r2, [r3, #10]	@ movhi
 116:Src/minihdlc-master/minihdlc.c **** 	}
 342              		.loc 1 116 3 is_stmt 1 view .LVU93
 116:Src/minihdlc-master/minihdlc.c **** 	}
 343              		.loc 1 116 23 is_stmt 0 view .LVU94
 344 0096 4FF6FF72 		movw	r2, #65535
 345 009a 9A81     		strh	r2, [r3, #12]	@ movhi
 346 009c D0E7     		b	.L12
 347              	.L24:
 348 009e 00BF     		.align	2
 349              	.L23:
 350 00a0 00000000 		.word	mhst
 351 00a4 0E000000 		.word	mhst+14
 352              		.cfi_endproc
 353              	.LFE3:
 355              		.section	.text.minihdlc_send_frame,"ax",%progbits
 356              		.align	1
 357              		.global	minihdlc_send_frame
 358              		.syntax unified
 359              		.thumb
 360              		.thumb_func
 361              		.fpu fpv4-sp-d16
 363              	minihdlc_send_frame:
 364              	.LVL19:
 365              	.LFB4:
 122:Src/minihdlc-master/minihdlc.c **** 	uint8_t data;
 366              		.loc 1 122 1 is_stmt 1 view -0
 367              		.cfi_startproc
 368              		@ args = 0, pretend = 0, frame = 0
 369              		@ frame_needed = 0, uses_anonymous_args = 0
 122:Src/minihdlc-master/minihdlc.c **** 	uint8_t data;
 370              		.loc 1 122 1 is_stmt 0 view .LVU96
 371 0000 F8B5     		push	{r3, r4, r5, r6, r7, lr}
 372              	.LCFI1:
 373              		.cfi_def_cfa_offset 24
 374              		.cfi_offset 3, -24
 375              		.cfi_offset 4, -20
 376              		.cfi_offset 5, -16
 377              		.cfi_offset 6, -12
 378              		.cfi_offset 7, -8
 379              		.cfi_offset 14, -4
 380 0002 0446     		mov	r4, r0
 381 0004 0D46     		mov	r5, r1
 123:Src/minihdlc-master/minihdlc.c **** 	uint16_t fcs = CRC16_CCITT_INIT_VAL;
 382              		.loc 1 123 2 is_stmt 1 view .LVU97
 124:Src/minihdlc-master/minihdlc.c **** 
 383              		.loc 1 124 2 view .LVU98
 384              	.LVL20:
 126:Src/minihdlc-master/minihdlc.c **** 
 385              		.loc 1 126 2 view .LVU99
 386              	.LBB18:
 387              	.LBI18:
  60:Src/minihdlc-master/minihdlc.c **** {
ARM GAS  /var/folders/hv/f19l0kw128sbpybv1h43gz3c0000gn/T//ccCqitBw.s 			page 12


 388              		.loc 1 60 20 view .LVU100
 389              	.LBB19:
  62:Src/minihdlc-master/minihdlc.c **** 	{
 390              		.loc 1 62 2 view .LVU101
  62:Src/minihdlc-master/minihdlc.c **** 	{
 391              		.loc 1 62 10 is_stmt 0 view .LVU102
 392 0006 294B     		ldr	r3, .L43
 393 0008 1B68     		ldr	r3, [r3]
  62:Src/minihdlc-master/minihdlc.c **** 	{
 394              		.loc 1 62 5 view .LVU103
 395 000a 0BB1     		cbz	r3, .L26
  64:Src/minihdlc-master/minihdlc.c **** 	}
 396              		.loc 1 64 3 is_stmt 1 view .LVU104
  64:Src/minihdlc-master/minihdlc.c **** 	}
 397              		.loc 1 64 4 is_stmt 0 view .LVU105
 398 000c 7E20     		movs	r0, #126
 399              	.LVL21:
  64:Src/minihdlc-master/minihdlc.c **** 	}
 400              		.loc 1 64 4 view .LVU106
 401 000e 9847     		blx	r3
 402              	.LVL22:
 403              	.L26:
  64:Src/minihdlc-master/minihdlc.c **** 	}
 404              		.loc 1 64 4 view .LVU107
 405              	.LBE19:
 406              	.LBE18:
 122:Src/minihdlc-master/minihdlc.c **** 	uint8_t data;
 407              		.loc 1 122 1 view .LVU108
 408 0010 4FF6FF77 		movw	r7, #65535
 409 0014 08E0     		b	.L27
 410              	.LVL23:
 411              	.L29:
 135:Src/minihdlc-master/minihdlc.c **** 		}
 412              		.loc 1 135 4 is_stmt 1 view .LVU109
 135:Src/minihdlc-master/minihdlc.c **** 		}
 413              		.loc 1 135 9 is_stmt 0 view .LVU110
 414 0016 86F02006 		eor	r6, r6, #32
 415              	.LVL24:
 416              	.L28:
 137:Src/minihdlc-master/minihdlc.c **** 		frame_length--;
 417              		.loc 1 137 3 is_stmt 1 view .LVU111
 418              	.LBB20:
 419              	.LBI20:
  60:Src/minihdlc-master/minihdlc.c **** {
 420              		.loc 1 60 20 view .LVU112
 421              	.LBB21:
  62:Src/minihdlc-master/minihdlc.c **** 	{
 422              		.loc 1 62 2 view .LVU113
  62:Src/minihdlc-master/minihdlc.c **** 	{
 423              		.loc 1 62 10 is_stmt 0 view .LVU114
 424 001a 244B     		ldr	r3, .L43
 425 001c 1B68     		ldr	r3, [r3]
  62:Src/minihdlc-master/minihdlc.c **** 	{
 426              		.loc 1 62 5 view .LVU115
 427 001e 0BB1     		cbz	r3, .L30
  64:Src/minihdlc-master/minihdlc.c **** 	}
 428              		.loc 1 64 3 is_stmt 1 view .LVU116
ARM GAS  /var/folders/hv/f19l0kw128sbpybv1h43gz3c0000gn/T//ccCqitBw.s 			page 13


  64:Src/minihdlc-master/minihdlc.c **** 	}
 429              		.loc 1 64 4 is_stmt 0 view .LVU117
 430 0020 3046     		mov	r0, r6
 431 0022 9847     		blx	r3
 432              	.LVL25:
 433              	.L30:
  64:Src/minihdlc-master/minihdlc.c **** 	}
 434              		.loc 1 64 4 view .LVU118
 435              	.LBE21:
 436              	.LBE20:
 138:Src/minihdlc-master/minihdlc.c **** 	}
 437              		.loc 1 138 3 is_stmt 1 view .LVU119
 138:Src/minihdlc-master/minihdlc.c **** 	}
 438              		.loc 1 138 15 is_stmt 0 view .LVU120
 439 0024 013D     		subs	r5, r5, #1
 440              	.LVL26:
 138:Src/minihdlc-master/minihdlc.c **** 	}
 441              		.loc 1 138 15 view .LVU121
 442 0026 EDB2     		uxtb	r5, r5
 443              	.LVL27:
 444              	.L27:
 128:Src/minihdlc-master/minihdlc.c **** 	{
 445              		.loc 1 128 8 view .LVU122
 446 0028 95B1     		cbz	r5, .L40
 130:Src/minihdlc-master/minihdlc.c **** 		fcs = _crc_ccitt_update(fcs, data);
 447              		.loc 1 130 3 is_stmt 1 view .LVU123
 130:Src/minihdlc-master/minihdlc.c **** 		fcs = _crc_ccitt_update(fcs, data);
 448              		.loc 1 130 8 is_stmt 0 view .LVU124
 449 002a 14F8016B 		ldrb	r6, [r4], #1	@ zero_extendqisi2
 450              	.LVL28:
 131:Src/minihdlc-master/minihdlc.c **** 		if ((data == CONTROL_ESCAPE_OCTET) || (data == FRAME_BOUNDARY_OCTET))
 451              		.loc 1 131 3 is_stmt 1 view .LVU125
 131:Src/minihdlc-master/minihdlc.c **** 		if ((data == CONTROL_ESCAPE_OCTET) || (data == FRAME_BOUNDARY_OCTET))
 452              		.loc 1 131 9 is_stmt 0 view .LVU126
 453 002e 3146     		mov	r1, r6
 454 0030 3846     		mov	r0, r7
 455 0032 FFF7FEFF 		bl	_crc_ccitt_update
 456              	.LVL29:
 457 0036 0746     		mov	r7, r0
 458              	.LVL30:
 132:Src/minihdlc-master/minihdlc.c **** 		{
 459              		.loc 1 132 3 is_stmt 1 view .LVU127
 132:Src/minihdlc-master/minihdlc.c **** 		{
 460              		.loc 1 132 38 is_stmt 0 view .LVU128
 461 0038 A6F17D03 		sub	r3, r6, #125
 462 003c DBB2     		uxtb	r3, r3
 132:Src/minihdlc-master/minihdlc.c **** 		{
 463              		.loc 1 132 6 view .LVU129
 464 003e 012B     		cmp	r3, #1
 465 0040 EBD8     		bhi	.L28
 134:Src/minihdlc-master/minihdlc.c **** 			data ^= INVERT_OCTET;
 466              		.loc 1 134 4 is_stmt 1 view .LVU130
 467              	.LVL31:
 468              	.LBB22:
 469              	.LBI22:
  60:Src/minihdlc-master/minihdlc.c **** {
 470              		.loc 1 60 20 view .LVU131
ARM GAS  /var/folders/hv/f19l0kw128sbpybv1h43gz3c0000gn/T//ccCqitBw.s 			page 14


 471              	.LBB23:
  62:Src/minihdlc-master/minihdlc.c **** 	{
 472              		.loc 1 62 2 view .LVU132
  62:Src/minihdlc-master/minihdlc.c **** 	{
 473              		.loc 1 62 10 is_stmt 0 view .LVU133
 474 0042 1A4B     		ldr	r3, .L43
 475 0044 1B68     		ldr	r3, [r3]
  62:Src/minihdlc-master/minihdlc.c **** 	{
 476              		.loc 1 62 5 view .LVU134
 477 0046 002B     		cmp	r3, #0
 478 0048 E5D0     		beq	.L29
  64:Src/minihdlc-master/minihdlc.c **** 	}
 479              		.loc 1 64 3 is_stmt 1 view .LVU135
  64:Src/minihdlc-master/minihdlc.c **** 	}
 480              		.loc 1 64 4 is_stmt 0 view .LVU136
 481 004a 7D20     		movs	r0, #125
 482 004c 9847     		blx	r3
 483              	.LVL32:
 484 004e E2E7     		b	.L29
 485              	.LVL33:
 486              	.L40:
  64:Src/minihdlc-master/minihdlc.c **** 	}
 487              		.loc 1 64 4 view .LVU137
 488              	.LBE23:
 489              	.LBE22:
 140:Src/minihdlc-master/minihdlc.c **** 	if ((data == CONTROL_ESCAPE_OCTET) || (data == FRAME_BOUNDARY_OCTET))
 490              		.loc 1 140 2 is_stmt 1 view .LVU138
 140:Src/minihdlc-master/minihdlc.c **** 	if ((data == CONTROL_ESCAPE_OCTET) || (data == FRAME_BOUNDARY_OCTET))
 491              		.loc 1 140 7 is_stmt 0 view .LVU139
 492 0050 FCB2     		uxtb	r4, r7
 493              	.LVL34:
 141:Src/minihdlc-master/minihdlc.c **** 	{
 494              		.loc 1 141 2 is_stmt 1 view .LVU140
 141:Src/minihdlc-master/minihdlc.c **** 	{
 495              		.loc 1 141 37 is_stmt 0 view .LVU141
 496 0052 A4F17D03 		sub	r3, r4, #125
 497 0056 DBB2     		uxtb	r3, r3
 141:Src/minihdlc-master/minihdlc.c **** 	{
 498              		.loc 1 141 5 view .LVU142
 499 0058 012B     		cmp	r3, #1
 500 005a 16D9     		bls	.L41
 501              	.L32:
 146:Src/minihdlc-master/minihdlc.c **** 	data = high(fcs);
 502              		.loc 1 146 2 is_stmt 1 view .LVU143
 503              	.LVL35:
 504              	.LBB24:
 505              	.LBI24:
  60:Src/minihdlc-master/minihdlc.c **** {
 506              		.loc 1 60 20 view .LVU144
 507              	.LBB25:
  62:Src/minihdlc-master/minihdlc.c **** 	{
 508              		.loc 1 62 2 view .LVU145
  62:Src/minihdlc-master/minihdlc.c **** 	{
 509              		.loc 1 62 10 is_stmt 0 view .LVU146
 510 005c 134B     		ldr	r3, .L43
 511 005e 1B68     		ldr	r3, [r3]
  62:Src/minihdlc-master/minihdlc.c **** 	{
ARM GAS  /var/folders/hv/f19l0kw128sbpybv1h43gz3c0000gn/T//ccCqitBw.s 			page 15


 512              		.loc 1 62 5 view .LVU147
 513 0060 0BB1     		cbz	r3, .L34
  64:Src/minihdlc-master/minihdlc.c **** 	}
 514              		.loc 1 64 3 is_stmt 1 view .LVU148
  64:Src/minihdlc-master/minihdlc.c **** 	}
 515              		.loc 1 64 4 is_stmt 0 view .LVU149
 516 0062 2046     		mov	r0, r4
 517 0064 9847     		blx	r3
 518              	.LVL36:
 519              	.L34:
  64:Src/minihdlc-master/minihdlc.c **** 	}
 520              		.loc 1 64 4 view .LVU150
 521              	.LBE25:
 522              	.LBE24:
 147:Src/minihdlc-master/minihdlc.c **** 	if ((data == CONTROL_ESCAPE_OCTET) || (data == FRAME_BOUNDARY_OCTET))
 523              		.loc 1 147 2 is_stmt 1 view .LVU151
 147:Src/minihdlc-master/minihdlc.c **** 	if ((data == CONTROL_ESCAPE_OCTET) || (data == FRAME_BOUNDARY_OCTET))
 524              		.loc 1 147 7 is_stmt 0 view .LVU152
 525 0066 C7F30727 		ubfx	r7, r7, #8, #8
 526              	.LVL37:
 148:Src/minihdlc-master/minihdlc.c **** 	{
 527              		.loc 1 148 2 is_stmt 1 view .LVU153
 148:Src/minihdlc-master/minihdlc.c **** 	{
 528              		.loc 1 148 37 is_stmt 0 view .LVU154
 529 006a A7F17D03 		sub	r3, r7, #125
 530 006e DBB2     		uxtb	r3, r3
 148:Src/minihdlc-master/minihdlc.c **** 	{
 531              		.loc 1 148 5 view .LVU155
 532 0070 012B     		cmp	r3, #1
 533 0072 12D9     		bls	.L42
 534              	.L35:
 153:Src/minihdlc-master/minihdlc.c **** 	minihdlc_sendchar(FRAME_BOUNDARY_OCTET);
 535              		.loc 1 153 2 is_stmt 1 view .LVU156
 536              	.LVL38:
 537              	.LBB26:
 538              	.LBI26:
  60:Src/minihdlc-master/minihdlc.c **** {
 539              		.loc 1 60 20 view .LVU157
 540              	.LBB27:
  62:Src/minihdlc-master/minihdlc.c **** 	{
 541              		.loc 1 62 2 view .LVU158
  62:Src/minihdlc-master/minihdlc.c **** 	{
 542              		.loc 1 62 10 is_stmt 0 view .LVU159
 543 0074 0D4B     		ldr	r3, .L43
 544 0076 1B68     		ldr	r3, [r3]
  62:Src/minihdlc-master/minihdlc.c **** 	{
 545              		.loc 1 62 5 view .LVU160
 546 0078 0BB1     		cbz	r3, .L37
  64:Src/minihdlc-master/minihdlc.c **** 	}
 547              		.loc 1 64 3 is_stmt 1 view .LVU161
  64:Src/minihdlc-master/minihdlc.c **** 	}
 548              		.loc 1 64 4 is_stmt 0 view .LVU162
 549 007a 3846     		mov	r0, r7
 550 007c 9847     		blx	r3
 551              	.LVL39:
 552              	.L37:
  64:Src/minihdlc-master/minihdlc.c **** 	}
ARM GAS  /var/folders/hv/f19l0kw128sbpybv1h43gz3c0000gn/T//ccCqitBw.s 			page 16


 553              		.loc 1 64 4 view .LVU163
 554              	.LBE27:
 555              	.LBE26:
 154:Src/minihdlc-master/minihdlc.c **** }
 556              		.loc 1 154 2 is_stmt 1 view .LVU164
 557              	.LBB28:
 558              	.LBI28:
  60:Src/minihdlc-master/minihdlc.c **** {
 559              		.loc 1 60 20 view .LVU165
 560              	.LBB29:
  62:Src/minihdlc-master/minihdlc.c **** 	{
 561              		.loc 1 62 2 view .LVU166
  62:Src/minihdlc-master/minihdlc.c **** 	{
 562              		.loc 1 62 10 is_stmt 0 view .LVU167
 563 007e 0B4B     		ldr	r3, .L43
 564 0080 1B68     		ldr	r3, [r3]
  62:Src/minihdlc-master/minihdlc.c **** 	{
 565              		.loc 1 62 5 view .LVU168
 566 0082 0BB1     		cbz	r3, .L25
  64:Src/minihdlc-master/minihdlc.c **** 	}
 567              		.loc 1 64 3 is_stmt 1 view .LVU169
  64:Src/minihdlc-master/minihdlc.c **** 	}
 568              		.loc 1 64 4 is_stmt 0 view .LVU170
 569 0084 7E20     		movs	r0, #126
 570 0086 9847     		blx	r3
 571              	.LVL40:
 572              	.L25:
  64:Src/minihdlc-master/minihdlc.c **** 	}
 573              		.loc 1 64 4 view .LVU171
 574              	.LBE29:
 575              	.LBE28:
 155:Src/minihdlc-master/minihdlc.c **** 
 576              		.loc 1 155 1 view .LVU172
 577 0088 F8BD     		pop	{r3, r4, r5, r6, r7, pc}
 578              	.LVL41:
 579              	.L41:
 143:Src/minihdlc-master/minihdlc.c **** 		data ^= (uint8_t)INVERT_OCTET;
 580              		.loc 1 143 3 is_stmt 1 view .LVU173
 581              	.LBB30:
 582              	.LBI30:
  60:Src/minihdlc-master/minihdlc.c **** {
 583              		.loc 1 60 20 view .LVU174
 584              	.LBB31:
  62:Src/minihdlc-master/minihdlc.c **** 	{
 585              		.loc 1 62 2 view .LVU175
  62:Src/minihdlc-master/minihdlc.c **** 	{
 586              		.loc 1 62 10 is_stmt 0 view .LVU176
 587 008a 084B     		ldr	r3, .L43
 588 008c 1B68     		ldr	r3, [r3]
  62:Src/minihdlc-master/minihdlc.c **** 	{
 589              		.loc 1 62 5 view .LVU177
 590 008e 0BB1     		cbz	r3, .L33
  64:Src/minihdlc-master/minihdlc.c **** 	}
 591              		.loc 1 64 3 is_stmt 1 view .LVU178
  64:Src/minihdlc-master/minihdlc.c **** 	}
 592              		.loc 1 64 4 is_stmt 0 view .LVU179
 593 0090 7D20     		movs	r0, #125
ARM GAS  /var/folders/hv/f19l0kw128sbpybv1h43gz3c0000gn/T//ccCqitBw.s 			page 17


 594 0092 9847     		blx	r3
 595              	.LVL42:
 596              	.L33:
  64:Src/minihdlc-master/minihdlc.c **** 	}
 597              		.loc 1 64 4 view .LVU180
 598              	.LBE31:
 599              	.LBE30:
 144:Src/minihdlc-master/minihdlc.c **** 	}
 600              		.loc 1 144 3 is_stmt 1 view .LVU181
 144:Src/minihdlc-master/minihdlc.c **** 	}
 601              		.loc 1 144 8 is_stmt 0 view .LVU182
 602 0094 84F02004 		eor	r4, r4, #32
 603              	.LVL43:
 144:Src/minihdlc-master/minihdlc.c **** 	}
 604              		.loc 1 144 8 view .LVU183
 605 0098 E0E7     		b	.L32
 606              	.LVL44:
 607              	.L42:
 150:Src/minihdlc-master/minihdlc.c **** 		data ^= INVERT_OCTET;
 608              		.loc 1 150 3 is_stmt 1 view .LVU184
 609              	.LBB32:
 610              	.LBI32:
  60:Src/minihdlc-master/minihdlc.c **** {
 611              		.loc 1 60 20 view .LVU185
 612              	.LBB33:
  62:Src/minihdlc-master/minihdlc.c **** 	{
 613              		.loc 1 62 2 view .LVU186
  62:Src/minihdlc-master/minihdlc.c **** 	{
 614              		.loc 1 62 10 is_stmt 0 view .LVU187
 615 009a 044B     		ldr	r3, .L43
 616 009c 1B68     		ldr	r3, [r3]
  62:Src/minihdlc-master/minihdlc.c **** 	{
 617              		.loc 1 62 5 view .LVU188
 618 009e 0BB1     		cbz	r3, .L36
  64:Src/minihdlc-master/minihdlc.c **** 	}
 619              		.loc 1 64 3 is_stmt 1 view .LVU189
  64:Src/minihdlc-master/minihdlc.c **** 	}
 620              		.loc 1 64 4 is_stmt 0 view .LVU190
 621 00a0 7D20     		movs	r0, #125
 622 00a2 9847     		blx	r3
 623              	.LVL45:
 624              	.L36:
  64:Src/minihdlc-master/minihdlc.c **** 	}
 625              		.loc 1 64 4 view .LVU191
 626              	.LBE33:
 627              	.LBE32:
 151:Src/minihdlc-master/minihdlc.c **** 	}
 628              		.loc 1 151 3 is_stmt 1 view .LVU192
 151:Src/minihdlc-master/minihdlc.c **** 	}
 629              		.loc 1 151 8 is_stmt 0 view .LVU193
 630 00a4 87F02007 		eor	r7, r7, #32
 631              	.LVL46:
 151:Src/minihdlc-master/minihdlc.c **** 	}
 632              		.loc 1 151 8 view .LVU194
 633 00a8 E4E7     		b	.L35
 634              	.L44:
 635 00aa 00BF     		.align	2
ARM GAS  /var/folders/hv/f19l0kw128sbpybv1h43gz3c0000gn/T//ccCqitBw.s 			page 18


 636              	.L43:
 637 00ac 00000000 		.word	mhst
 638              		.cfi_endproc
 639              	.LFE4:
 641              		.section	.text.minihdlc_send_frame_to_buffer,"ax",%progbits
 642              		.align	1
 643              		.global	minihdlc_send_frame_to_buffer
 644              		.syntax unified
 645              		.thumb
 646              		.thumb_func
 647              		.fpu fpv4-sp-d16
 649              	minihdlc_send_frame_to_buffer:
 650              	.LVL47:
 651              	.LFB7:
 176:Src/minihdlc-master/minihdlc.c **** 
 177:Src/minihdlc-master/minihdlc.c **** void minihdlc_send_frame_to_buffer(const uint8_t *frame_buffer,
 178:Src/minihdlc-master/minihdlc.c **** 								   uint8_t frame_length)
 179:Src/minihdlc-master/minihdlc.c **** {
 652              		.loc 1 179 1 is_stmt 1 view -0
 653              		.cfi_startproc
 654              		@ args = 0, pretend = 0, frame = 0
 655              		@ frame_needed = 0, uses_anonymous_args = 0
 656              		.loc 1 179 1 is_stmt 0 view .LVU196
 657 0000 38B5     		push	{r3, r4, r5, lr}
 658              	.LCFI2:
 659              		.cfi_def_cfa_offset 16
 660              		.cfi_offset 3, -16
 661              		.cfi_offset 4, -12
 662              		.cfi_offset 5, -8
 663              		.cfi_offset 14, -4
 664 0002 0446     		mov	r4, r0
 665 0004 0D46     		mov	r5, r1
 180:Src/minihdlc-master/minihdlc.c **** 	mhst.sendchar_function = buffer_push;
 666              		.loc 1 180 2 is_stmt 1 view .LVU197
 667              		.loc 1 180 25 is_stmt 0 view .LVU198
 668 0006 054B     		ldr	r3, .L47
 669 0008 054A     		ldr	r2, .L47+4
 670 000a 1A60     		str	r2, [r3]
 181:Src/minihdlc-master/minihdlc.c **** 	buffer_init();
 671              		.loc 1 181 2 is_stmt 1 view .LVU199
 672 000c FFF7FEFF 		bl	buffer_init
 673              	.LVL48:
 182:Src/minihdlc-master/minihdlc.c **** 	minihdlc_send_frame(frame_buffer, frame_length);
 674              		.loc 1 182 2 view .LVU200
 675 0010 2946     		mov	r1, r5
 676 0012 2046     		mov	r0, r4
 677 0014 FFF7FEFF 		bl	minihdlc_send_frame
 678              	.LVL49:
 183:Src/minihdlc-master/minihdlc.c **** }
 679              		.loc 1 183 1 is_stmt 0 view .LVU201
 680 0018 38BD     		pop	{r3, r4, r5, pc}
 681              	.LVL50:
 682              	.L48:
 683              		.loc 1 183 1 view .LVU202
 684 001a 00BF     		.align	2
 685              	.L47:
 686 001c 00000000 		.word	mhst
ARM GAS  /var/folders/hv/f19l0kw128sbpybv1h43gz3c0000gn/T//ccCqitBw.s 			page 19


 687 0020 00000000 		.word	buffer_push
 688              		.cfi_endproc
 689              	.LFE7:
 691              		.section	.text.minihdlc_get_buffer,"ax",%progbits
 692              		.align	1
 693              		.global	minihdlc_get_buffer
 694              		.syntax unified
 695              		.thumb
 696              		.thumb_func
 697              		.fpu fpv4-sp-d16
 699              	minihdlc_get_buffer:
 700              	.LFB8:
 184:Src/minihdlc-master/minihdlc.c **** 
 185:Src/minihdlc-master/minihdlc.c **** uint8_t *minihdlc_get_buffer()
 186:Src/minihdlc-master/minihdlc.c **** {
 701              		.loc 1 186 1 is_stmt 1 view -0
 702              		.cfi_startproc
 703              		@ args = 0, pretend = 0, frame = 0
 704              		@ frame_needed = 0, uses_anonymous_args = 0
 705              		@ link register save eliminated.
 187:Src/minihdlc-master/minihdlc.c **** 	return frame_buffer;
 706              		.loc 1 187 2 view .LVU204
 188:Src/minihdlc-master/minihdlc.c **** }
 707              		.loc 1 188 1 is_stmt 0 view .LVU205
 708 0000 0048     		ldr	r0, .L50
 709 0002 7047     		bx	lr
 710              	.L51:
 711              		.align	2
 712              	.L50:
 713 0004 00000000 		.word	.LANCHOR1
 714              		.cfi_endproc
 715              	.LFE8:
 717              		.section	.text.minihdlc_get_buffer_size,"ax",%progbits
 718              		.align	1
 719              		.global	minihdlc_get_buffer_size
 720              		.syntax unified
 721              		.thumb
 722              		.thumb_func
 723              		.fpu fpv4-sp-d16
 725              	minihdlc_get_buffer_size:
 726              	.LFB9:
 189:Src/minihdlc-master/minihdlc.c **** 
 190:Src/minihdlc-master/minihdlc.c **** uint32_t minihdlc_get_buffer_size()
 191:Src/minihdlc-master/minihdlc.c **** {
 727              		.loc 1 191 1 is_stmt 1 view -0
 728              		.cfi_startproc
 729              		@ args = 0, pretend = 0, frame = 0
 730              		@ frame_needed = 0, uses_anonymous_args = 0
 731              		@ link register save eliminated.
 192:Src/minihdlc-master/minihdlc.c **** 	return frame_buffer_size;
 732              		.loc 1 192 2 view .LVU207
 193:Src/minihdlc-master/minihdlc.c **** }
 733              		.loc 1 193 1 is_stmt 0 view .LVU208
 734 0000 014B     		ldr	r3, .L53
 735 0002 1868     		ldr	r0, [r3]
 736 0004 7047     		bx	lr
 737              	.L54:
ARM GAS  /var/folders/hv/f19l0kw128sbpybv1h43gz3c0000gn/T//ccCqitBw.s 			page 20


 738 0006 00BF     		.align	2
 739              	.L53:
 740 0008 00000000 		.word	.LANCHOR0
 741              		.cfi_endproc
 742              	.LFE9:
 744              		.comm	mhst,80,4
 745              		.section	.bss.frame_buffer,"aw",%nobits
 746              		.align	2
 747              		.set	.LANCHOR1,. + 0
 750              	frame_buffer:
 751 0000 00000000 		.space	65
 751      00000000 
 751      00000000 
 751      00000000 
 751      00000000 
 752              		.section	.bss.frame_buffer_size,"aw",%nobits
 753              		.align	2
 754              		.set	.LANCHOR0,. + 0
 757              	frame_buffer_size:
 758 0000 00000000 		.space	4
 759              		.text
 760              	.Letext0:
 761              		.file 2 "/Users/luissousa/opt/gcc-arm-none-eabi-8-2018-q4-major/arm-none-eabi/include/machine/_def
 762              		.file 3 "/Users/luissousa/opt/gcc-arm-none-eabi-8-2018-q4-major/arm-none-eabi/include/sys/_stdint.
 763              		.file 4 "Src/minihdlc-master/minihdlc.h"
ARM GAS  /var/folders/hv/f19l0kw128sbpybv1h43gz3c0000gn/T//ccCqitBw.s 			page 21


DEFINED SYMBOLS
                            *ABS*:0000000000000000 minihdlc.c
/var/folders/hv/f19l0kw128sbpybv1h43gz3c0000gn/T//ccCqitBw.s:18     .text._crc_ccitt_update:0000000000000000 $t
/var/folders/hv/f19l0kw128sbpybv1h43gz3c0000gn/T//ccCqitBw.s:25     .text._crc_ccitt_update:0000000000000000 _crc_ccitt_update
/var/folders/hv/f19l0kw128sbpybv1h43gz3c0000gn/T//ccCqitBw.s:65     .text.buffer_init:0000000000000000 $t
/var/folders/hv/f19l0kw128sbpybv1h43gz3c0000gn/T//ccCqitBw.s:71     .text.buffer_init:0000000000000000 buffer_init
/var/folders/hv/f19l0kw128sbpybv1h43gz3c0000gn/T//ccCqitBw.s:88     .text.buffer_init:0000000000000008 $d
/var/folders/hv/f19l0kw128sbpybv1h43gz3c0000gn/T//ccCqitBw.s:93     .text.buffer_push:0000000000000000 $t
/var/folders/hv/f19l0kw128sbpybv1h43gz3c0000gn/T//ccCqitBw.s:99     .text.buffer_push:0000000000000000 buffer_push
/var/folders/hv/f19l0kw128sbpybv1h43gz3c0000gn/T//ccCqitBw.s:129    .text.buffer_push:0000000000000014 $d
/var/folders/hv/f19l0kw128sbpybv1h43gz3c0000gn/T//ccCqitBw.s:135    .text.minihdlc_init:0000000000000000 $t
/var/folders/hv/f19l0kw128sbpybv1h43gz3c0000gn/T//ccCqitBw.s:142    .text.minihdlc_init:0000000000000000 minihdlc_init
/var/folders/hv/f19l0kw128sbpybv1h43gz3c0000gn/T//ccCqitBw.s:175    .text.minihdlc_init:0000000000000014 $d
                            *COM*:0000000000000050 mhst
/var/folders/hv/f19l0kw128sbpybv1h43gz3c0000gn/T//ccCqitBw.s:180    .text.minihdlc_char_receiver:0000000000000000 $t
/var/folders/hv/f19l0kw128sbpybv1h43gz3c0000gn/T//ccCqitBw.s:187    .text.minihdlc_char_receiver:0000000000000000 minihdlc_char_receiver
/var/folders/hv/f19l0kw128sbpybv1h43gz3c0000gn/T//ccCqitBw.s:350    .text.minihdlc_char_receiver:00000000000000a0 $d
/var/folders/hv/f19l0kw128sbpybv1h43gz3c0000gn/T//ccCqitBw.s:356    .text.minihdlc_send_frame:0000000000000000 $t
/var/folders/hv/f19l0kw128sbpybv1h43gz3c0000gn/T//ccCqitBw.s:363    .text.minihdlc_send_frame:0000000000000000 minihdlc_send_frame
/var/folders/hv/f19l0kw128sbpybv1h43gz3c0000gn/T//ccCqitBw.s:637    .text.minihdlc_send_frame:00000000000000ac $d
/var/folders/hv/f19l0kw128sbpybv1h43gz3c0000gn/T//ccCqitBw.s:642    .text.minihdlc_send_frame_to_buffer:0000000000000000 $t
/var/folders/hv/f19l0kw128sbpybv1h43gz3c0000gn/T//ccCqitBw.s:649    .text.minihdlc_send_frame_to_buffer:0000000000000000 minihdlc_send_frame_to_buffer
/var/folders/hv/f19l0kw128sbpybv1h43gz3c0000gn/T//ccCqitBw.s:686    .text.minihdlc_send_frame_to_buffer:000000000000001c $d
/var/folders/hv/f19l0kw128sbpybv1h43gz3c0000gn/T//ccCqitBw.s:692    .text.minihdlc_get_buffer:0000000000000000 $t
/var/folders/hv/f19l0kw128sbpybv1h43gz3c0000gn/T//ccCqitBw.s:699    .text.minihdlc_get_buffer:0000000000000000 minihdlc_get_buffer
/var/folders/hv/f19l0kw128sbpybv1h43gz3c0000gn/T//ccCqitBw.s:713    .text.minihdlc_get_buffer:0000000000000004 $d
/var/folders/hv/f19l0kw128sbpybv1h43gz3c0000gn/T//ccCqitBw.s:718    .text.minihdlc_get_buffer_size:0000000000000000 $t
/var/folders/hv/f19l0kw128sbpybv1h43gz3c0000gn/T//ccCqitBw.s:725    .text.minihdlc_get_buffer_size:0000000000000000 minihdlc_get_buffer_size
/var/folders/hv/f19l0kw128sbpybv1h43gz3c0000gn/T//ccCqitBw.s:740    .text.minihdlc_get_buffer_size:0000000000000008 $d
/var/folders/hv/f19l0kw128sbpybv1h43gz3c0000gn/T//ccCqitBw.s:746    .bss.frame_buffer:0000000000000000 $d
/var/folders/hv/f19l0kw128sbpybv1h43gz3c0000gn/T//ccCqitBw.s:750    .bss.frame_buffer:0000000000000000 frame_buffer
/var/folders/hv/f19l0kw128sbpybv1h43gz3c0000gn/T//ccCqitBw.s:753    .bss.frame_buffer_size:0000000000000000 $d
/var/folders/hv/f19l0kw128sbpybv1h43gz3c0000gn/T//ccCqitBw.s:757    .bss.frame_buffer_size:0000000000000000 frame_buffer_size

NO UNDEFINED SYMBOLS
