ARM GAS  /var/folders/hv/f19l0kw128sbpybv1h43gz3c0000gn/T//ccYDWeu3.s 			page 1


   1              		.cpu cortex-m3
   2              		.eabi_attribute 20, 1
   3              		.eabi_attribute 21, 1
   4              		.eabi_attribute 23, 3
   5              		.eabi_attribute 24, 1
   6              		.eabi_attribute 25, 1
   7              		.eabi_attribute 26, 1
   8              		.eabi_attribute 30, 1
   9              		.eabi_attribute 34, 1
  10              		.eabi_attribute 18, 4
  11              		.file	"minihdlc.c"
  12              		.text
  13              	.Ltext0:
  14              		.cfi_sections	.debug_frame
  15              		.section	.text._crc_ccitt_update,"ax",%progbits
  16              		.align	1
  17              		.arch armv7-m
  18              		.syntax unified
  19              		.thumb
  20              		.thumb_func
  21              		.fpu softvfp
  23              	_crc_ccitt_update:
  24              	.LVL0:
  25              	.LFB0:
  26              		.file 1 "Src/minihdlc-master/minihdlc.c"
   1:Src/minihdlc-master/minihdlc.c **** #include "minihdlc.h"
   2:Src/minihdlc-master/minihdlc.c **** 
   3:Src/minihdlc-master/minihdlc.c **** /* HDLC Asynchronous framing */
   4:Src/minihdlc-master/minihdlc.c **** /* The frame boundary octet is 01111110, (7E in hexadecimal notation) */
   5:Src/minihdlc-master/minihdlc.c **** #define FRAME_BOUNDARY_OCTET 0x7E
   6:Src/minihdlc-master/minihdlc.c **** 
   7:Src/minihdlc-master/minihdlc.c **** /* A "control escape octet", has the bit sequence '01111101', (7D hexadecimal) */
   8:Src/minihdlc-master/minihdlc.c **** #define CONTROL_ESCAPE_OCTET 0x7D
   9:Src/minihdlc-master/minihdlc.c **** 
  10:Src/minihdlc-master/minihdlc.c **** /* If either of these two octets appears in the transmitted data, an escape octet is sent, */
  11:Src/minihdlc-master/minihdlc.c **** /* followed by the original data octet with bit 5 inverted */
  12:Src/minihdlc-master/minihdlc.c **** #define INVERT_OCTET 0x20
  13:Src/minihdlc-master/minihdlc.c **** 
  14:Src/minihdlc-master/minihdlc.c **** /* The frame check sequence (FCS) is a 16-bit CRC-CCITT */
  15:Src/minihdlc-master/minihdlc.c **** /* AVR Libc CRC function is _crc_ccitt_update() */
  16:Src/minihdlc-master/minihdlc.c **** /* Corresponding CRC function in Qt (www.qt.io) is qChecksum() */
  17:Src/minihdlc-master/minihdlc.c **** #define CRC16_CCITT_INIT_VAL 0xFFFF
  18:Src/minihdlc-master/minihdlc.c **** 
  19:Src/minihdlc-master/minihdlc.c **** /* 16bit low and high bytes copier */
  20:Src/minihdlc-master/minihdlc.c **** #define low(x) ((x)&0xFF)
  21:Src/minihdlc-master/minihdlc.c **** #define high(x) (((x) >> 8) & 0xFF)
  22:Src/minihdlc-master/minihdlc.c **** 
  23:Src/minihdlc-master/minihdlc.c **** #define lo8(x) ((x)&0xff)
  24:Src/minihdlc-master/minihdlc.c **** #define hi8(x) ((x) >> 8)
  25:Src/minihdlc-master/minihdlc.c **** 
  26:Src/minihdlc-master/minihdlc.c **** struct
  27:Src/minihdlc-master/minihdlc.c **** {
  28:Src/minihdlc-master/minihdlc.c **** 	sendchar_type sendchar_function;
  29:Src/minihdlc-master/minihdlc.c **** 	frame_handler_type frame_handler;
  30:Src/minihdlc-master/minihdlc.c **** 	bool escape_character;
  31:Src/minihdlc-master/minihdlc.c **** 	uint16_t frame_position;
  32:Src/minihdlc-master/minihdlc.c **** 	uint16_t frame_checksum;
ARM GAS  /var/folders/hv/f19l0kw128sbpybv1h43gz3c0000gn/T//ccYDWeu3.s 			page 2


  33:Src/minihdlc-master/minihdlc.c **** 	uint8_t receive_frame_buffer[MINIHDLC_MAX_FRAME_LENGTH + 1];
  34:Src/minihdlc-master/minihdlc.c **** } mhst;
  35:Src/minihdlc-master/minihdlc.c **** 
  36:Src/minihdlc-master/minihdlc.c **** /*
  37:Src/minihdlc-master/minihdlc.c ****  Polynomial: x^16 + x^12 + x^5 + 1 (0x8408) Initial value: 0xffff
  38:Src/minihdlc-master/minihdlc.c ****  This is the CRC used by PPP and IrDA.
  39:Src/minihdlc-master/minihdlc.c ****  See RFC1171 (PPP protocol) and IrDA IrLAP 1.1
  40:Src/minihdlc-master/minihdlc.c ****  */
  41:Src/minihdlc-master/minihdlc.c **** static uint16_t _crc_ccitt_update(uint16_t crc, uint8_t data)
  42:Src/minihdlc-master/minihdlc.c **** {
  27              		.loc 1 42 1 view -0
  28              		.cfi_startproc
  29              		@ args = 0, pretend = 0, frame = 0
  30              		@ frame_needed = 0, uses_anonymous_args = 0
  31              		@ link register save eliminated.
  43:Src/minihdlc-master/minihdlc.c **** 	data ^= lo8(crc);
  32              		.loc 1 43 2 view .LVU1
  33              		.loc 1 43 7 is_stmt 0 view .LVU2
  34 0000 4140     		eors	r1, r1, r0
  35              	.LVL1:
  36              		.loc 1 43 7 view .LVU3
  37 0002 49B2     		sxtb	r1, r1
  38 0004 CBB2     		uxtb	r3, r1
  39              	.LVL2:
  44:Src/minihdlc-master/minihdlc.c **** 	data ^= data << 4;
  40              		.loc 1 44 2 is_stmt 1 view .LVU4
  41              		.loc 1 44 7 is_stmt 0 view .LVU5
  42 0006 81EA0311 		eor	r1, r1, r3, lsl #4
  43 000a C9B2     		uxtb	r1, r1
  44              	.LVL3:
  45:Src/minihdlc-master/minihdlc.c **** 
  46:Src/minihdlc-master/minihdlc.c **** 	return ((((uint16_t)data << 8) | hi8(crc)) ^ (uint8_t)(data >> 4) ^ ((uint16_t)data << 3));
  45              		.loc 1 46 2 is_stmt 1 view .LVU6
  46              		.loc 1 46 33 is_stmt 0 view .LVU7
  47 000c 000A     		lsrs	r0, r0, #8
  48              	.LVL4:
  49              		.loc 1 46 33 view .LVU8
  50 000e 40EA0120 		orr	r0, r0, r1, lsl #8
  51 0012 00B2     		sxth	r0, r0
  52              		.loc 1 46 45 view .LVU9
  53 0014 80EA1110 		eor	r0, r0, r1, lsr #4
  54              		.loc 1 46 68 view .LVU10
  55 0018 80EAC100 		eor	r0, r0, r1, lsl #3
  47:Src/minihdlc-master/minihdlc.c **** }
  56              		.loc 1 47 1 view .LVU11
  57 001c 80B2     		uxth	r0, r0
  58 001e 7047     		bx	lr
  59              		.cfi_endproc
  60              	.LFE0:
  62              		.section	.text.buffer_init,"ax",%progbits
  63              		.align	1
  64              		.syntax unified
  65              		.thumb
  66              		.thumb_func
  67              		.fpu softvfp
  69              	buffer_init:
  70              	.LFB5:
ARM GAS  /var/folders/hv/f19l0kw128sbpybv1h43gz3c0000gn/T//ccYDWeu3.s 			page 3


  48:Src/minihdlc-master/minihdlc.c **** 
  49:Src/minihdlc-master/minihdlc.c **** void minihdlc_init(sendchar_type sendchar_function,
  50:Src/minihdlc-master/minihdlc.c **** 				   frame_handler_type frame_handler_function)
  51:Src/minihdlc-master/minihdlc.c **** {
  52:Src/minihdlc-master/minihdlc.c **** 	mhst.sendchar_function = sendchar_function;
  53:Src/minihdlc-master/minihdlc.c **** 	mhst.frame_handler = frame_handler_function;
  54:Src/minihdlc-master/minihdlc.c **** 	mhst.frame_position = 0;
  55:Src/minihdlc-master/minihdlc.c **** 	mhst.frame_checksum = CRC16_CCITT_INIT_VAL;
  56:Src/minihdlc-master/minihdlc.c **** 	mhst.escape_character = false;
  57:Src/minihdlc-master/minihdlc.c **** }
  58:Src/minihdlc-master/minihdlc.c **** 
  59:Src/minihdlc-master/minihdlc.c **** /* Function to send a byte throug USART, I2C, SPI etc.*/
  60:Src/minihdlc-master/minihdlc.c **** static inline void minihdlc_sendchar(uint8_t data)
  61:Src/minihdlc-master/minihdlc.c **** {
  62:Src/minihdlc-master/minihdlc.c **** 	if (mhst.sendchar_function)
  63:Src/minihdlc-master/minihdlc.c **** 	{
  64:Src/minihdlc-master/minihdlc.c **** 		(*mhst.sendchar_function)(data);
  65:Src/minihdlc-master/minihdlc.c **** 	}
  66:Src/minihdlc-master/minihdlc.c **** }
  67:Src/minihdlc-master/minihdlc.c **** 
  68:Src/minihdlc-master/minihdlc.c **** /* Function to find valid HDLC frame from incoming data */
  69:Src/minihdlc-master/minihdlc.c **** void minihdlc_char_receiver(uint8_t data)
  70:Src/minihdlc-master/minihdlc.c **** {
  71:Src/minihdlc-master/minihdlc.c **** 	/* FRAME FLAG */
  72:Src/minihdlc-master/minihdlc.c **** 	if (data == FRAME_BOUNDARY_OCTET)
  73:Src/minihdlc-master/minihdlc.c **** 	{
  74:Src/minihdlc-master/minihdlc.c **** 		if (mhst.escape_character == true)
  75:Src/minihdlc-master/minihdlc.c **** 		{
  76:Src/minihdlc-master/minihdlc.c **** 			mhst.escape_character = false;
  77:Src/minihdlc-master/minihdlc.c **** 		}
  78:Src/minihdlc-master/minihdlc.c **** 		/* If a valid frame is detected */
  79:Src/minihdlc-master/minihdlc.c **** 		else if ((mhst.frame_position >= 2) && (mhst.frame_checksum == ((mhst.receive_frame_buffer[mhst.f
  80:Src/minihdlc-master/minihdlc.c **** 																		 << 8) |
  81:Src/minihdlc-master/minihdlc.c **** 																		(mhst.receive_frame_buffer[mhst.frame_position - 2] & 0xff)))) // (msb << 8 ) | (
  82:Src/minihdlc-master/minihdlc.c **** 		{
  83:Src/minihdlc-master/minihdlc.c **** 			/* Call the user defined function and pass frame to it */
  84:Src/minihdlc-master/minihdlc.c **** 			(*mhst.frame_handler)(mhst.receive_frame_buffer,
  85:Src/minihdlc-master/minihdlc.c **** 								  mhst.frame_position - 2);
  86:Src/minihdlc-master/minihdlc.c **** 		}
  87:Src/minihdlc-master/minihdlc.c **** 		mhst.frame_position = 0;
  88:Src/minihdlc-master/minihdlc.c **** 		mhst.frame_checksum = CRC16_CCITT_INIT_VAL;
  89:Src/minihdlc-master/minihdlc.c **** 		return;
  90:Src/minihdlc-master/minihdlc.c **** 	}
  91:Src/minihdlc-master/minihdlc.c **** 
  92:Src/minihdlc-master/minihdlc.c **** 	if (mhst.escape_character)
  93:Src/minihdlc-master/minihdlc.c **** 	{
  94:Src/minihdlc-master/minihdlc.c **** 		mhst.escape_character = false;
  95:Src/minihdlc-master/minihdlc.c **** 		data ^= INVERT_OCTET;
  96:Src/minihdlc-master/minihdlc.c **** 	}
  97:Src/minihdlc-master/minihdlc.c **** 	else if (data == CONTROL_ESCAPE_OCTET)
  98:Src/minihdlc-master/minihdlc.c **** 	{
  99:Src/minihdlc-master/minihdlc.c **** 		mhst.escape_character = true;
 100:Src/minihdlc-master/minihdlc.c **** 		return;
 101:Src/minihdlc-master/minihdlc.c **** 	}
 102:Src/minihdlc-master/minihdlc.c **** 
 103:Src/minihdlc-master/minihdlc.c **** 	mhst.receive_frame_buffer[mhst.frame_position] = data;
 104:Src/minihdlc-master/minihdlc.c **** 
ARM GAS  /var/folders/hv/f19l0kw128sbpybv1h43gz3c0000gn/T//ccYDWeu3.s 			page 4


 105:Src/minihdlc-master/minihdlc.c **** 	if (mhst.frame_position - 2 >= 0)
 106:Src/minihdlc-master/minihdlc.c **** 	{
 107:Src/minihdlc-master/minihdlc.c **** 		mhst.frame_checksum = _crc_ccitt_update(mhst.frame_checksum,
 108:Src/minihdlc-master/minihdlc.c **** 												mhst.receive_frame_buffer[mhst.frame_position - 2]);
 109:Src/minihdlc-master/minihdlc.c **** 	}
 110:Src/minihdlc-master/minihdlc.c **** 
 111:Src/minihdlc-master/minihdlc.c **** 	mhst.frame_position++;
 112:Src/minihdlc-master/minihdlc.c **** 
 113:Src/minihdlc-master/minihdlc.c **** 	if (mhst.frame_position == MINIHDLC_MAX_FRAME_LENGTH)
 114:Src/minihdlc-master/minihdlc.c **** 	{
 115:Src/minihdlc-master/minihdlc.c **** 		mhst.frame_position = 0;
 116:Src/minihdlc-master/minihdlc.c **** 		mhst.frame_checksum = CRC16_CCITT_INIT_VAL;
 117:Src/minihdlc-master/minihdlc.c **** 	}
 118:Src/minihdlc-master/minihdlc.c **** }
 119:Src/minihdlc-master/minihdlc.c **** 
 120:Src/minihdlc-master/minihdlc.c **** /* Wrap given data in HDLC frame and send it out byte at a time*/
 121:Src/minihdlc-master/minihdlc.c **** void minihdlc_send_frame(const uint8_t *frame_buffer, uint8_t frame_length)
 122:Src/minihdlc-master/minihdlc.c **** {
 123:Src/minihdlc-master/minihdlc.c **** 	uint8_t data;
 124:Src/minihdlc-master/minihdlc.c **** 	uint16_t fcs = CRC16_CCITT_INIT_VAL;
 125:Src/minihdlc-master/minihdlc.c **** 
 126:Src/minihdlc-master/minihdlc.c **** 	minihdlc_sendchar((uint8_t)FRAME_BOUNDARY_OCTET);
 127:Src/minihdlc-master/minihdlc.c **** 
 128:Src/minihdlc-master/minihdlc.c **** 	while (frame_length)
 129:Src/minihdlc-master/minihdlc.c **** 	{
 130:Src/minihdlc-master/minihdlc.c **** 		data = *frame_buffer++;
 131:Src/minihdlc-master/minihdlc.c **** 		fcs = _crc_ccitt_update(fcs, data);
 132:Src/minihdlc-master/minihdlc.c **** 		if ((data == CONTROL_ESCAPE_OCTET) || (data == FRAME_BOUNDARY_OCTET))
 133:Src/minihdlc-master/minihdlc.c **** 		{
 134:Src/minihdlc-master/minihdlc.c **** 			minihdlc_sendchar((uint8_t)CONTROL_ESCAPE_OCTET);
 135:Src/minihdlc-master/minihdlc.c **** 			data ^= INVERT_OCTET;
 136:Src/minihdlc-master/minihdlc.c **** 		}
 137:Src/minihdlc-master/minihdlc.c **** 		minihdlc_sendchar((uint8_t)data);
 138:Src/minihdlc-master/minihdlc.c **** 		frame_length--;
 139:Src/minihdlc-master/minihdlc.c **** 	}
 140:Src/minihdlc-master/minihdlc.c **** 	data = low(fcs);
 141:Src/minihdlc-master/minihdlc.c **** 	if ((data == CONTROL_ESCAPE_OCTET) || (data == FRAME_BOUNDARY_OCTET))
 142:Src/minihdlc-master/minihdlc.c **** 	{
 143:Src/minihdlc-master/minihdlc.c **** 		minihdlc_sendchar((uint8_t)CONTROL_ESCAPE_OCTET);
 144:Src/minihdlc-master/minihdlc.c **** 		data ^= (uint8_t)INVERT_OCTET;
 145:Src/minihdlc-master/minihdlc.c **** 	}
 146:Src/minihdlc-master/minihdlc.c **** 	minihdlc_sendchar((uint8_t)data);
 147:Src/minihdlc-master/minihdlc.c **** 	data = high(fcs);
 148:Src/minihdlc-master/minihdlc.c **** 	if ((data == CONTROL_ESCAPE_OCTET) || (data == FRAME_BOUNDARY_OCTET))
 149:Src/minihdlc-master/minihdlc.c **** 	{
 150:Src/minihdlc-master/minihdlc.c **** 		minihdlc_sendchar(CONTROL_ESCAPE_OCTET);
 151:Src/minihdlc-master/minihdlc.c **** 		data ^= INVERT_OCTET;
 152:Src/minihdlc-master/minihdlc.c **** 	}
 153:Src/minihdlc-master/minihdlc.c **** 	minihdlc_sendchar(data);
 154:Src/minihdlc-master/minihdlc.c **** 	minihdlc_sendchar(FRAME_BOUNDARY_OCTET);
 155:Src/minihdlc-master/minihdlc.c **** }
 156:Src/minihdlc-master/minihdlc.c **** 
 157:Src/minihdlc-master/minihdlc.c **** /* Wrap given data in HDLC frame and send it to static buffer*/
 158:Src/minihdlc-master/minihdlc.c **** 
 159:Src/minihdlc-master/minihdlc.c **** static uint8_t frame_buffer[MINIHDLC_MAX_FRAME_LENGTH + 1];
 160:Src/minihdlc-master/minihdlc.c **** static uint32_t frame_buffer_size = 0;
 161:Src/minihdlc-master/minihdlc.c **** 
ARM GAS  /var/folders/hv/f19l0kw128sbpybv1h43gz3c0000gn/T//ccYDWeu3.s 			page 5


 162:Src/minihdlc-master/minihdlc.c **** static void buffer_init()
 163:Src/minihdlc-master/minihdlc.c **** {
  71              		.loc 1 163 1 is_stmt 1 view -0
  72              		.cfi_startproc
  73              		@ args = 0, pretend = 0, frame = 0
  74              		@ frame_needed = 0, uses_anonymous_args = 0
  75              		@ link register save eliminated.
 164:Src/minihdlc-master/minihdlc.c **** 	frame_buffer_size = 0;
  76              		.loc 1 164 2 view .LVU13
  77              		.loc 1 164 20 is_stmt 0 view .LVU14
  78 0000 014B     		ldr	r3, .L3
  79 0002 0022     		movs	r2, #0
  80 0004 1A60     		str	r2, [r3]
 165:Src/minihdlc-master/minihdlc.c **** }
  81              		.loc 1 165 1 view .LVU15
  82 0006 7047     		bx	lr
  83              	.L4:
  84              		.align	2
  85              	.L3:
  86 0008 00000000 		.word	.LANCHOR0
  87              		.cfi_endproc
  88              	.LFE5:
  90              		.section	.text.buffer_push,"ax",%progbits
  91              		.align	1
  92              		.syntax unified
  93              		.thumb
  94              		.thumb_func
  95              		.fpu softvfp
  97              	buffer_push:
  98              	.LVL5:
  99              	.LFB6:
 166:Src/minihdlc-master/minihdlc.c **** 
 167:Src/minihdlc-master/minihdlc.c **** static void buffer_push(uint8_t data)
 168:Src/minihdlc-master/minihdlc.c **** {
 100              		.loc 1 168 1 is_stmt 1 view -0
 101              		.cfi_startproc
 102              		@ args = 0, pretend = 0, frame = 0
 103              		@ frame_needed = 0, uses_anonymous_args = 0
 104              		@ link register save eliminated.
 169:Src/minihdlc-master/minihdlc.c **** 	if (frame_buffer_size >= MINIHDLC_MAX_FRAME_LENGTH)
 105              		.loc 1 169 2 view .LVU17
 106              		.loc 1 169 24 is_stmt 0 view .LVU18
 107 0000 044B     		ldr	r3, .L7
 108 0002 1B68     		ldr	r3, [r3]
 109              		.loc 1 169 5 view .LVU19
 110 0004 3F2B     		cmp	r3, #63
 111 0006 04D8     		bhi	.L5
 170:Src/minihdlc-master/minihdlc.c **** 	{
 171:Src/minihdlc-master/minihdlc.c **** 		return;
 172:Src/minihdlc-master/minihdlc.c **** 	}
 173:Src/minihdlc-master/minihdlc.c **** 	frame_buffer[frame_buffer_size] = data;
 112              		.loc 1 173 2 is_stmt 1 view .LVU20
 113              		.loc 1 173 34 is_stmt 0 view .LVU21
 114 0008 034A     		ldr	r2, .L7+4
 115 000a D054     		strb	r0, [r2, r3]
 174:Src/minihdlc-master/minihdlc.c **** 	frame_buffer_size++;
 116              		.loc 1 174 2 is_stmt 1 view .LVU22
ARM GAS  /var/folders/hv/f19l0kw128sbpybv1h43gz3c0000gn/T//ccYDWeu3.s 			page 6


 117              		.loc 1 174 19 is_stmt 0 view .LVU23
 118 000c 0133     		adds	r3, r3, #1
 119 000e 014A     		ldr	r2, .L7
 120 0010 1360     		str	r3, [r2]
 121              	.L5:
 175:Src/minihdlc-master/minihdlc.c **** }
 122              		.loc 1 175 1 view .LVU24
 123 0012 7047     		bx	lr
 124              	.L8:
 125              		.align	2
 126              	.L7:
 127 0014 00000000 		.word	.LANCHOR0
 128 0018 00000000 		.word	.LANCHOR1
 129              		.cfi_endproc
 130              	.LFE6:
 132              		.section	.text.minihdlc_init,"ax",%progbits
 133              		.align	1
 134              		.global	minihdlc_init
 135              		.syntax unified
 136              		.thumb
 137              		.thumb_func
 138              		.fpu softvfp
 140              	minihdlc_init:
 141              	.LVL6:
 142              	.LFB1:
  51:Src/minihdlc-master/minihdlc.c **** 	mhst.sendchar_function = sendchar_function;
 143              		.loc 1 51 1 is_stmt 1 view -0
 144              		.cfi_startproc
 145              		@ args = 0, pretend = 0, frame = 0
 146              		@ frame_needed = 0, uses_anonymous_args = 0
 147              		@ link register save eliminated.
  52:Src/minihdlc-master/minihdlc.c **** 	mhst.frame_handler = frame_handler_function;
 148              		.loc 1 52 2 view .LVU26
  52:Src/minihdlc-master/minihdlc.c **** 	mhst.frame_handler = frame_handler_function;
 149              		.loc 1 52 25 is_stmt 0 view .LVU27
 150 0000 044B     		ldr	r3, .L10
 151 0002 1860     		str	r0, [r3]
  53:Src/minihdlc-master/minihdlc.c **** 	mhst.frame_position = 0;
 152              		.loc 1 53 2 is_stmt 1 view .LVU28
  53:Src/minihdlc-master/minihdlc.c **** 	mhst.frame_position = 0;
 153              		.loc 1 53 21 is_stmt 0 view .LVU29
 154 0004 5960     		str	r1, [r3, #4]
  54:Src/minihdlc-master/minihdlc.c **** 	mhst.frame_checksum = CRC16_CCITT_INIT_VAL;
 155              		.loc 1 54 2 is_stmt 1 view .LVU30
  54:Src/minihdlc-master/minihdlc.c **** 	mhst.frame_checksum = CRC16_CCITT_INIT_VAL;
 156              		.loc 1 54 22 is_stmt 0 view .LVU31
 157 0006 0022     		movs	r2, #0
 158 0008 5A81     		strh	r2, [r3, #10]	@ movhi
  55:Src/minihdlc-master/minihdlc.c **** 	mhst.escape_character = false;
 159              		.loc 1 55 2 is_stmt 1 view .LVU32
  55:Src/minihdlc-master/minihdlc.c **** 	mhst.escape_character = false;
 160              		.loc 1 55 22 is_stmt 0 view .LVU33
 161 000a 4FF6FF71 		movw	r1, #65535
 162              	.LVL7:
  55:Src/minihdlc-master/minihdlc.c **** 	mhst.escape_character = false;
 163              		.loc 1 55 22 view .LVU34
 164 000e 9981     		strh	r1, [r3, #12]	@ movhi
ARM GAS  /var/folders/hv/f19l0kw128sbpybv1h43gz3c0000gn/T//ccYDWeu3.s 			page 7


  56:Src/minihdlc-master/minihdlc.c **** }
 165              		.loc 1 56 2 is_stmt 1 view .LVU35
  56:Src/minihdlc-master/minihdlc.c **** }
 166              		.loc 1 56 24 is_stmt 0 view .LVU36
 167 0010 1A72     		strb	r2, [r3, #8]
  57:Src/minihdlc-master/minihdlc.c **** 
 168              		.loc 1 57 1 view .LVU37
 169 0012 7047     		bx	lr
 170              	.L11:
 171              		.align	2
 172              	.L10:
 173 0014 00000000 		.word	mhst
 174              		.cfi_endproc
 175              	.LFE1:
 177              		.section	.text.minihdlc_char_receiver,"ax",%progbits
 178              		.align	1
 179              		.global	minihdlc_char_receiver
 180              		.syntax unified
 181              		.thumb
 182              		.thumb_func
 183              		.fpu softvfp
 185              	minihdlc_char_receiver:
 186              	.LVL8:
 187              	.LFB3:
  70:Src/minihdlc-master/minihdlc.c **** 	/* FRAME FLAG */
 188              		.loc 1 70 1 is_stmt 1 view -0
 189              		.cfi_startproc
 190              		@ args = 0, pretend = 0, frame = 0
 191              		@ frame_needed = 0, uses_anonymous_args = 0
  70:Src/minihdlc-master/minihdlc.c **** 	/* FRAME FLAG */
 192              		.loc 1 70 1 is_stmt 0 view .LVU39
 193 0000 38B5     		push	{r3, r4, r5, lr}
 194              	.LCFI0:
 195              		.cfi_def_cfa_offset 16
 196              		.cfi_offset 3, -16
 197              		.cfi_offset 4, -12
 198              		.cfi_offset 5, -8
 199              		.cfi_offset 14, -4
  72:Src/minihdlc-master/minihdlc.c **** 	{
 200              		.loc 1 72 2 is_stmt 1 view .LVU40
  72:Src/minihdlc-master/minihdlc.c **** 	{
 201              		.loc 1 72 5 is_stmt 0 view .LVU41
 202 0002 7E28     		cmp	r0, #126
 203 0004 1DD0     		beq	.L21
  92:Src/minihdlc-master/minihdlc.c **** 	{
 204              		.loc 1 92 2 is_stmt 1 view .LVU42
  92:Src/minihdlc-master/minihdlc.c **** 	{
 205              		.loc 1 92 10 is_stmt 0 view .LVU43
 206 0006 264B     		ldr	r3, .L23
 207 0008 1B7A     		ldrb	r3, [r3, #8]	@ zero_extendqisi2
  92:Src/minihdlc-master/minihdlc.c **** 	{
 208              		.loc 1 92 5 view .LVU44
 209 000a 002B     		cmp	r3, #0
 210 000c 3BD0     		beq	.L17
  94:Src/minihdlc-master/minihdlc.c **** 		data ^= INVERT_OCTET;
 211              		.loc 1 94 3 is_stmt 1 view .LVU45
  94:Src/minihdlc-master/minihdlc.c **** 		data ^= INVERT_OCTET;
ARM GAS  /var/folders/hv/f19l0kw128sbpybv1h43gz3c0000gn/T//ccYDWeu3.s 			page 8


 212              		.loc 1 94 25 is_stmt 0 view .LVU46
 213 000e 244B     		ldr	r3, .L23
 214 0010 0022     		movs	r2, #0
 215 0012 1A72     		strb	r2, [r3, #8]
  95:Src/minihdlc-master/minihdlc.c **** 	}
 216              		.loc 1 95 3 is_stmt 1 view .LVU47
  95:Src/minihdlc-master/minihdlc.c **** 	}
 217              		.loc 1 95 8 is_stmt 0 view .LVU48
 218 0014 80F02000 		eor	r0, r0, #32
 219              	.LVL9:
 220              	.L18:
 103:Src/minihdlc-master/minihdlc.c **** 
 221              		.loc 1 103 2 is_stmt 1 view .LVU49
 103:Src/minihdlc-master/minihdlc.c **** 
 222              		.loc 1 103 32 is_stmt 0 view .LVU50
 223 0018 214B     		ldr	r3, .L23
 224 001a 5C89     		ldrh	r4, [r3, #10]
 103:Src/minihdlc-master/minihdlc.c **** 
 225              		.loc 1 103 49 view .LVU51
 226 001c 2344     		add	r3, r3, r4
 227 001e 9873     		strb	r0, [r3, #14]
 105:Src/minihdlc-master/minihdlc.c **** 	{
 228              		.loc 1 105 2 is_stmt 1 view .LVU52
 105:Src/minihdlc-master/minihdlc.c **** 	{
 229              		.loc 1 105 5 is_stmt 0 view .LVU53
 230 0020 012C     		cmp	r4, #1
 231 0022 07D9     		bls	.L19
 107:Src/minihdlc-master/minihdlc.c **** 												mhst.receive_frame_buffer[mhst.frame_position - 2]);
 232              		.loc 1 107 3 is_stmt 1 view .LVU54
 108:Src/minihdlc-master/minihdlc.c **** 	}
 233              		.loc 1 108 59 is_stmt 0 view .LVU55
 234 0024 A31E     		subs	r3, r4, #2
 107:Src/minihdlc-master/minihdlc.c **** 												mhst.receive_frame_buffer[mhst.frame_position - 2]);
 235              		.loc 1 107 25 view .LVU56
 236 0026 1E4D     		ldr	r5, .L23
 237 0028 2B44     		add	r3, r3, r5
 238 002a 997B     		ldrb	r1, [r3, #14]	@ zero_extendqisi2
 239 002c A889     		ldrh	r0, [r5, #12]
 240              	.LVL10:
 107:Src/minihdlc-master/minihdlc.c **** 												mhst.receive_frame_buffer[mhst.frame_position - 2]);
 241              		.loc 1 107 25 view .LVU57
 242 002e FFF7FEFF 		bl	_crc_ccitt_update
 243              	.LVL11:
 107:Src/minihdlc-master/minihdlc.c **** 												mhst.receive_frame_buffer[mhst.frame_position - 2]);
 244              		.loc 1 107 23 view .LVU58
 245 0032 A881     		strh	r0, [r5, #12]	@ movhi
 246              	.L19:
 111:Src/minihdlc-master/minihdlc.c **** 
 247              		.loc 1 111 2 is_stmt 1 view .LVU59
 111:Src/minihdlc-master/minihdlc.c **** 
 248              		.loc 1 111 21 is_stmt 0 view .LVU60
 249 0034 0134     		adds	r4, r4, #1
 250 0036 A4B2     		uxth	r4, r4
 251 0038 194B     		ldr	r3, .L23
 252 003a 5C81     		strh	r4, [r3, #10]	@ movhi
 113:Src/minihdlc-master/minihdlc.c **** 	{
 253              		.loc 1 113 2 is_stmt 1 view .LVU61
ARM GAS  /var/folders/hv/f19l0kw128sbpybv1h43gz3c0000gn/T//ccYDWeu3.s 			page 9


 113:Src/minihdlc-master/minihdlc.c **** 	{
 254              		.loc 1 113 5 is_stmt 0 view .LVU62
 255 003c 402C     		cmp	r4, #64
 256 003e 28D0     		beq	.L22
 257              	.L12:
 118:Src/minihdlc-master/minihdlc.c **** 
 258              		.loc 1 118 1 view .LVU63
 259 0040 38BD     		pop	{r3, r4, r5, pc}
 260              	.LVL12:
 261              	.L21:
  74:Src/minihdlc-master/minihdlc.c **** 		{
 262              		.loc 1 74 3 is_stmt 1 view .LVU64
  74:Src/minihdlc-master/minihdlc.c **** 		{
 263              		.loc 1 74 11 is_stmt 0 view .LVU65
 264 0042 174B     		ldr	r3, .L23
 265 0044 1B7A     		ldrb	r3, [r3, #8]	@ zero_extendqisi2
  74:Src/minihdlc-master/minihdlc.c **** 		{
 266              		.loc 1 74 6 view .LVU66
 267 0046 4BB1     		cbz	r3, .L14
  76:Src/minihdlc-master/minihdlc.c **** 		}
 268              		.loc 1 76 4 is_stmt 1 view .LVU67
  76:Src/minihdlc-master/minihdlc.c **** 		}
 269              		.loc 1 76 26 is_stmt 0 view .LVU68
 270 0048 154B     		ldr	r3, .L23
 271 004a 0022     		movs	r2, #0
 272 004c 1A72     		strb	r2, [r3, #8]
 273              	.LVL13:
 274              	.L15:
  87:Src/minihdlc-master/minihdlc.c **** 		mhst.frame_checksum = CRC16_CCITT_INIT_VAL;
 275              		.loc 1 87 3 is_stmt 1 view .LVU69
  87:Src/minihdlc-master/minihdlc.c **** 		mhst.frame_checksum = CRC16_CCITT_INIT_VAL;
 276              		.loc 1 87 23 is_stmt 0 view .LVU70
 277 004e 144B     		ldr	r3, .L23
 278 0050 0022     		movs	r2, #0
 279 0052 5A81     		strh	r2, [r3, #10]	@ movhi
  88:Src/minihdlc-master/minihdlc.c **** 		return;
 280              		.loc 1 88 3 is_stmt 1 view .LVU71
  88:Src/minihdlc-master/minihdlc.c **** 		return;
 281              		.loc 1 88 23 is_stmt 0 view .LVU72
 282 0054 4FF6FF72 		movw	r2, #65535
 283 0058 9A81     		strh	r2, [r3, #12]	@ movhi
  89:Src/minihdlc-master/minihdlc.c **** 	}
 284              		.loc 1 89 3 is_stmt 1 view .LVU73
 285 005a F1E7     		b	.L12
 286              	.LVL14:
 287              	.L14:
  79:Src/minihdlc-master/minihdlc.c **** 																		 << 8) |
 288              		.loc 1 79 8 view .LVU74
  79:Src/minihdlc-master/minihdlc.c **** 																		 << 8) |
 289              		.loc 1 79 17 is_stmt 0 view .LVU75
 290 005c 104B     		ldr	r3, .L23
 291 005e 5989     		ldrh	r1, [r3, #10]
  79:Src/minihdlc-master/minihdlc.c **** 																		 << 8) |
 292              		.loc 1 79 11 view .LVU76
 293 0060 0129     		cmp	r1, #1
 294 0062 F4D9     		bls	.L15
  79:Src/minihdlc-master/minihdlc.c **** 																		 << 8) |
ARM GAS  /var/folders/hv/f19l0kw128sbpybv1h43gz3c0000gn/T//ccYDWeu3.s 			page 10


 295              		.loc 1 79 47 discriminator 1 view .LVU77
 296 0064 9889     		ldrh	r0, [r3, #12]
 297              	.LVL15:
  79:Src/minihdlc-master/minihdlc.c **** 																		 << 8) |
 298              		.loc 1 79 114 discriminator 1 view .LVU78
 299 0066 4A1E     		subs	r2, r1, #1
  79:Src/minihdlc-master/minihdlc.c **** 																		 << 8) |
 300              		.loc 1 79 93 discriminator 1 view .LVU79
 301 0068 1A44     		add	r2, r2, r3
 302 006a 927B     		ldrb	r2, [r2, #14]	@ zero_extendqisi2
  81:Src/minihdlc-master/minihdlc.c **** 		{
 303              		.loc 1 81 66 discriminator 1 view .LVU80
 304 006c 8C1E     		subs	r4, r1, #2
  81:Src/minihdlc-master/minihdlc.c **** 		{
 305              		.loc 1 81 45 discriminator 1 view .LVU81
 306 006e 2344     		add	r3, r3, r4
 307 0070 9B7B     		ldrb	r3, [r3, #14]	@ zero_extendqisi2
  80:Src/minihdlc-master/minihdlc.c **** 																		(mhst.receive_frame_buffer[mhst.frame_position - 2] & 0xff)))) // (msb << 8 ) | (
 308              		.loc 1 80 26 discriminator 1 view .LVU82
 309 0072 43EA0223 		orr	r3, r3, r2, lsl #8
  79:Src/minihdlc-master/minihdlc.c **** 																		 << 8) |
 310              		.loc 1 79 39 discriminator 1 view .LVU83
 311 0076 9842     		cmp	r0, r3
 312 0078 E9D1     		bne	.L15
  84:Src/minihdlc-master/minihdlc.c **** 								  mhst.frame_position - 2);
 313              		.loc 1 84 4 is_stmt 1 view .LVU84
  84:Src/minihdlc-master/minihdlc.c **** 								  mhst.frame_position - 2);
 314              		.loc 1 84 5 is_stmt 0 view .LVU85
 315 007a 0A48     		ldr	r0, .L23+4
 316 007c 50F80A3C 		ldr	r3, [r0, #-10]
 317 0080 A1B2     		uxth	r1, r4
 318 0082 9847     		blx	r3
 319              	.LVL16:
 320 0084 E3E7     		b	.L15
 321              	.LVL17:
 322              	.L17:
  97:Src/minihdlc-master/minihdlc.c **** 	{
 323              		.loc 1 97 7 is_stmt 1 view .LVU86
  97:Src/minihdlc-master/minihdlc.c **** 	{
 324              		.loc 1 97 10 is_stmt 0 view .LVU87
 325 0086 7D28     		cmp	r0, #125
 326 0088 C6D1     		bne	.L18
  99:Src/minihdlc-master/minihdlc.c **** 		return;
 327              		.loc 1 99 3 is_stmt 1 view .LVU88
  99:Src/minihdlc-master/minihdlc.c **** 		return;
 328              		.loc 1 99 25 is_stmt 0 view .LVU89
 329 008a 054B     		ldr	r3, .L23
 330 008c 0122     		movs	r2, #1
 331 008e 1A72     		strb	r2, [r3, #8]
 100:Src/minihdlc-master/minihdlc.c **** 	}
 332              		.loc 1 100 3 is_stmt 1 view .LVU90
 333 0090 D6E7     		b	.L12
 334              	.LVL18:
 335              	.L22:
 115:Src/minihdlc-master/minihdlc.c **** 		mhst.frame_checksum = CRC16_CCITT_INIT_VAL;
 336              		.loc 1 115 3 view .LVU91
 115:Src/minihdlc-master/minihdlc.c **** 		mhst.frame_checksum = CRC16_CCITT_INIT_VAL;
ARM GAS  /var/folders/hv/f19l0kw128sbpybv1h43gz3c0000gn/T//ccYDWeu3.s 			page 11


 337              		.loc 1 115 23 is_stmt 0 view .LVU92
 338 0092 0022     		movs	r2, #0
 339 0094 5A81     		strh	r2, [r3, #10]	@ movhi
 116:Src/minihdlc-master/minihdlc.c **** 	}
 340              		.loc 1 116 3 is_stmt 1 view .LVU93
 116:Src/minihdlc-master/minihdlc.c **** 	}
 341              		.loc 1 116 23 is_stmt 0 view .LVU94
 342 0096 4FF6FF72 		movw	r2, #65535
 343 009a 9A81     		strh	r2, [r3, #12]	@ movhi
 344 009c D0E7     		b	.L12
 345              	.L24:
 346 009e 00BF     		.align	2
 347              	.L23:
 348 00a0 00000000 		.word	mhst
 349 00a4 0E000000 		.word	mhst+14
 350              		.cfi_endproc
 351              	.LFE3:
 353              		.section	.text.minihdlc_send_frame,"ax",%progbits
 354              		.align	1
 355              		.global	minihdlc_send_frame
 356              		.syntax unified
 357              		.thumb
 358              		.thumb_func
 359              		.fpu softvfp
 361              	minihdlc_send_frame:
 362              	.LVL19:
 363              	.LFB4:
 122:Src/minihdlc-master/minihdlc.c **** 	uint8_t data;
 364              		.loc 1 122 1 is_stmt 1 view -0
 365              		.cfi_startproc
 366              		@ args = 0, pretend = 0, frame = 0
 367              		@ frame_needed = 0, uses_anonymous_args = 0
 122:Src/minihdlc-master/minihdlc.c **** 	uint8_t data;
 368              		.loc 1 122 1 is_stmt 0 view .LVU96
 369 0000 F8B5     		push	{r3, r4, r5, r6, r7, lr}
 370              	.LCFI1:
 371              		.cfi_def_cfa_offset 24
 372              		.cfi_offset 3, -24
 373              		.cfi_offset 4, -20
 374              		.cfi_offset 5, -16
 375              		.cfi_offset 6, -12
 376              		.cfi_offset 7, -8
 377              		.cfi_offset 14, -4
 378 0002 0446     		mov	r4, r0
 379 0004 0D46     		mov	r5, r1
 123:Src/minihdlc-master/minihdlc.c **** 	uint16_t fcs = CRC16_CCITT_INIT_VAL;
 380              		.loc 1 123 2 is_stmt 1 view .LVU97
 124:Src/minihdlc-master/minihdlc.c **** 
 381              		.loc 1 124 2 view .LVU98
 382              	.LVL20:
 126:Src/minihdlc-master/minihdlc.c **** 
 383              		.loc 1 126 2 view .LVU99
 384              	.LBB18:
 385              	.LBI18:
  60:Src/minihdlc-master/minihdlc.c **** {
 386              		.loc 1 60 20 view .LVU100
 387              	.LBB19:
ARM GAS  /var/folders/hv/f19l0kw128sbpybv1h43gz3c0000gn/T//ccYDWeu3.s 			page 12


  62:Src/minihdlc-master/minihdlc.c **** 	{
 388              		.loc 1 62 2 view .LVU101
  62:Src/minihdlc-master/minihdlc.c **** 	{
 389              		.loc 1 62 10 is_stmt 0 view .LVU102
 390 0006 294B     		ldr	r3, .L43
 391 0008 1B68     		ldr	r3, [r3]
  62:Src/minihdlc-master/minihdlc.c **** 	{
 392              		.loc 1 62 5 view .LVU103
 393 000a 0BB1     		cbz	r3, .L26
  64:Src/minihdlc-master/minihdlc.c **** 	}
 394              		.loc 1 64 3 is_stmt 1 view .LVU104
  64:Src/minihdlc-master/minihdlc.c **** 	}
 395              		.loc 1 64 4 is_stmt 0 view .LVU105
 396 000c 7E20     		movs	r0, #126
 397              	.LVL21:
  64:Src/minihdlc-master/minihdlc.c **** 	}
 398              		.loc 1 64 4 view .LVU106
 399 000e 9847     		blx	r3
 400              	.LVL22:
 401              	.L26:
  64:Src/minihdlc-master/minihdlc.c **** 	}
 402              		.loc 1 64 4 view .LVU107
 403              	.LBE19:
 404              	.LBE18:
 122:Src/minihdlc-master/minihdlc.c **** 	uint8_t data;
 405              		.loc 1 122 1 view .LVU108
 406 0010 4FF6FF77 		movw	r7, #65535
 407 0014 08E0     		b	.L27
 408              	.LVL23:
 409              	.L29:
 135:Src/minihdlc-master/minihdlc.c **** 		}
 410              		.loc 1 135 4 is_stmt 1 view .LVU109
 135:Src/minihdlc-master/minihdlc.c **** 		}
 411              		.loc 1 135 9 is_stmt 0 view .LVU110
 412 0016 86F02006 		eor	r6, r6, #32
 413              	.LVL24:
 414              	.L28:
 137:Src/minihdlc-master/minihdlc.c **** 		frame_length--;
 415              		.loc 1 137 3 is_stmt 1 view .LVU111
 416              	.LBB20:
 417              	.LBI20:
  60:Src/minihdlc-master/minihdlc.c **** {
 418              		.loc 1 60 20 view .LVU112
 419              	.LBB21:
  62:Src/minihdlc-master/minihdlc.c **** 	{
 420              		.loc 1 62 2 view .LVU113
  62:Src/minihdlc-master/minihdlc.c **** 	{
 421              		.loc 1 62 10 is_stmt 0 view .LVU114
 422 001a 244B     		ldr	r3, .L43
 423 001c 1B68     		ldr	r3, [r3]
  62:Src/minihdlc-master/minihdlc.c **** 	{
 424              		.loc 1 62 5 view .LVU115
 425 001e 0BB1     		cbz	r3, .L30
  64:Src/minihdlc-master/minihdlc.c **** 	}
 426              		.loc 1 64 3 is_stmt 1 view .LVU116
  64:Src/minihdlc-master/minihdlc.c **** 	}
 427              		.loc 1 64 4 is_stmt 0 view .LVU117
ARM GAS  /var/folders/hv/f19l0kw128sbpybv1h43gz3c0000gn/T//ccYDWeu3.s 			page 13


 428 0020 3046     		mov	r0, r6
 429 0022 9847     		blx	r3
 430              	.LVL25:
 431              	.L30:
  64:Src/minihdlc-master/minihdlc.c **** 	}
 432              		.loc 1 64 4 view .LVU118
 433              	.LBE21:
 434              	.LBE20:
 138:Src/minihdlc-master/minihdlc.c **** 	}
 435              		.loc 1 138 3 is_stmt 1 view .LVU119
 138:Src/minihdlc-master/minihdlc.c **** 	}
 436              		.loc 1 138 15 is_stmt 0 view .LVU120
 437 0024 013D     		subs	r5, r5, #1
 438              	.LVL26:
 138:Src/minihdlc-master/minihdlc.c **** 	}
 439              		.loc 1 138 15 view .LVU121
 440 0026 EDB2     		uxtb	r5, r5
 441              	.LVL27:
 442              	.L27:
 128:Src/minihdlc-master/minihdlc.c **** 	{
 443              		.loc 1 128 8 view .LVU122
 444 0028 95B1     		cbz	r5, .L40
 130:Src/minihdlc-master/minihdlc.c **** 		fcs = _crc_ccitt_update(fcs, data);
 445              		.loc 1 130 3 is_stmt 1 view .LVU123
 130:Src/minihdlc-master/minihdlc.c **** 		fcs = _crc_ccitt_update(fcs, data);
 446              		.loc 1 130 8 is_stmt 0 view .LVU124
 447 002a 14F8016B 		ldrb	r6, [r4], #1	@ zero_extendqisi2
 448              	.LVL28:
 131:Src/minihdlc-master/minihdlc.c **** 		if ((data == CONTROL_ESCAPE_OCTET) || (data == FRAME_BOUNDARY_OCTET))
 449              		.loc 1 131 3 is_stmt 1 view .LVU125
 131:Src/minihdlc-master/minihdlc.c **** 		if ((data == CONTROL_ESCAPE_OCTET) || (data == FRAME_BOUNDARY_OCTET))
 450              		.loc 1 131 9 is_stmt 0 view .LVU126
 451 002e 3146     		mov	r1, r6
 452 0030 3846     		mov	r0, r7
 453 0032 FFF7FEFF 		bl	_crc_ccitt_update
 454              	.LVL29:
 455 0036 0746     		mov	r7, r0
 456              	.LVL30:
 132:Src/minihdlc-master/minihdlc.c **** 		{
 457              		.loc 1 132 3 is_stmt 1 view .LVU127
 132:Src/minihdlc-master/minihdlc.c **** 		{
 458              		.loc 1 132 38 is_stmt 0 view .LVU128
 459 0038 A6F17D03 		sub	r3, r6, #125
 460 003c DBB2     		uxtb	r3, r3
 132:Src/minihdlc-master/minihdlc.c **** 		{
 461              		.loc 1 132 6 view .LVU129
 462 003e 012B     		cmp	r3, #1
 463 0040 EBD8     		bhi	.L28
 134:Src/minihdlc-master/minihdlc.c **** 			data ^= INVERT_OCTET;
 464              		.loc 1 134 4 is_stmt 1 view .LVU130
 465              	.LVL31:
 466              	.LBB22:
 467              	.LBI22:
  60:Src/minihdlc-master/minihdlc.c **** {
 468              		.loc 1 60 20 view .LVU131
 469              	.LBB23:
  62:Src/minihdlc-master/minihdlc.c **** 	{
ARM GAS  /var/folders/hv/f19l0kw128sbpybv1h43gz3c0000gn/T//ccYDWeu3.s 			page 14


 470              		.loc 1 62 2 view .LVU132
  62:Src/minihdlc-master/minihdlc.c **** 	{
 471              		.loc 1 62 10 is_stmt 0 view .LVU133
 472 0042 1A4B     		ldr	r3, .L43
 473 0044 1B68     		ldr	r3, [r3]
  62:Src/minihdlc-master/minihdlc.c **** 	{
 474              		.loc 1 62 5 view .LVU134
 475 0046 002B     		cmp	r3, #0
 476 0048 E5D0     		beq	.L29
  64:Src/minihdlc-master/minihdlc.c **** 	}
 477              		.loc 1 64 3 is_stmt 1 view .LVU135
  64:Src/minihdlc-master/minihdlc.c **** 	}
 478              		.loc 1 64 4 is_stmt 0 view .LVU136
 479 004a 7D20     		movs	r0, #125
 480 004c 9847     		blx	r3
 481              	.LVL32:
 482 004e E2E7     		b	.L29
 483              	.LVL33:
 484              	.L40:
  64:Src/minihdlc-master/minihdlc.c **** 	}
 485              		.loc 1 64 4 view .LVU137
 486              	.LBE23:
 487              	.LBE22:
 140:Src/minihdlc-master/minihdlc.c **** 	if ((data == CONTROL_ESCAPE_OCTET) || (data == FRAME_BOUNDARY_OCTET))
 488              		.loc 1 140 2 is_stmt 1 view .LVU138
 140:Src/minihdlc-master/minihdlc.c **** 	if ((data == CONTROL_ESCAPE_OCTET) || (data == FRAME_BOUNDARY_OCTET))
 489              		.loc 1 140 7 is_stmt 0 view .LVU139
 490 0050 FCB2     		uxtb	r4, r7
 491              	.LVL34:
 141:Src/minihdlc-master/minihdlc.c **** 	{
 492              		.loc 1 141 2 is_stmt 1 view .LVU140
 141:Src/minihdlc-master/minihdlc.c **** 	{
 493              		.loc 1 141 37 is_stmt 0 view .LVU141
 494 0052 A4F17D03 		sub	r3, r4, #125
 495 0056 DBB2     		uxtb	r3, r3
 141:Src/minihdlc-master/minihdlc.c **** 	{
 496              		.loc 1 141 5 view .LVU142
 497 0058 012B     		cmp	r3, #1
 498 005a 16D9     		bls	.L41
 499              	.L32:
 146:Src/minihdlc-master/minihdlc.c **** 	data = high(fcs);
 500              		.loc 1 146 2 is_stmt 1 view .LVU143
 501              	.LVL35:
 502              	.LBB24:
 503              	.LBI24:
  60:Src/minihdlc-master/minihdlc.c **** {
 504              		.loc 1 60 20 view .LVU144
 505              	.LBB25:
  62:Src/minihdlc-master/minihdlc.c **** 	{
 506              		.loc 1 62 2 view .LVU145
  62:Src/minihdlc-master/minihdlc.c **** 	{
 507              		.loc 1 62 10 is_stmt 0 view .LVU146
 508 005c 134B     		ldr	r3, .L43
 509 005e 1B68     		ldr	r3, [r3]
  62:Src/minihdlc-master/minihdlc.c **** 	{
 510              		.loc 1 62 5 view .LVU147
 511 0060 0BB1     		cbz	r3, .L34
ARM GAS  /var/folders/hv/f19l0kw128sbpybv1h43gz3c0000gn/T//ccYDWeu3.s 			page 15


  64:Src/minihdlc-master/minihdlc.c **** 	}
 512              		.loc 1 64 3 is_stmt 1 view .LVU148
  64:Src/minihdlc-master/minihdlc.c **** 	}
 513              		.loc 1 64 4 is_stmt 0 view .LVU149
 514 0062 2046     		mov	r0, r4
 515 0064 9847     		blx	r3
 516              	.LVL36:
 517              	.L34:
  64:Src/minihdlc-master/minihdlc.c **** 	}
 518              		.loc 1 64 4 view .LVU150
 519              	.LBE25:
 520              	.LBE24:
 147:Src/minihdlc-master/minihdlc.c **** 	if ((data == CONTROL_ESCAPE_OCTET) || (data == FRAME_BOUNDARY_OCTET))
 521              		.loc 1 147 2 is_stmt 1 view .LVU151
 147:Src/minihdlc-master/minihdlc.c **** 	if ((data == CONTROL_ESCAPE_OCTET) || (data == FRAME_BOUNDARY_OCTET))
 522              		.loc 1 147 7 is_stmt 0 view .LVU152
 523 0066 C7F30727 		ubfx	r7, r7, #8, #8
 524              	.LVL37:
 148:Src/minihdlc-master/minihdlc.c **** 	{
 525              		.loc 1 148 2 is_stmt 1 view .LVU153
 148:Src/minihdlc-master/minihdlc.c **** 	{
 526              		.loc 1 148 37 is_stmt 0 view .LVU154
 527 006a A7F17D03 		sub	r3, r7, #125
 528 006e DBB2     		uxtb	r3, r3
 148:Src/minihdlc-master/minihdlc.c **** 	{
 529              		.loc 1 148 5 view .LVU155
 530 0070 012B     		cmp	r3, #1
 531 0072 12D9     		bls	.L42
 532              	.L35:
 153:Src/minihdlc-master/minihdlc.c **** 	minihdlc_sendchar(FRAME_BOUNDARY_OCTET);
 533              		.loc 1 153 2 is_stmt 1 view .LVU156
 534              	.LVL38:
 535              	.LBB26:
 536              	.LBI26:
  60:Src/minihdlc-master/minihdlc.c **** {
 537              		.loc 1 60 20 view .LVU157
 538              	.LBB27:
  62:Src/minihdlc-master/minihdlc.c **** 	{
 539              		.loc 1 62 2 view .LVU158
  62:Src/minihdlc-master/minihdlc.c **** 	{
 540              		.loc 1 62 10 is_stmt 0 view .LVU159
 541 0074 0D4B     		ldr	r3, .L43
 542 0076 1B68     		ldr	r3, [r3]
  62:Src/minihdlc-master/minihdlc.c **** 	{
 543              		.loc 1 62 5 view .LVU160
 544 0078 0BB1     		cbz	r3, .L37
  64:Src/minihdlc-master/minihdlc.c **** 	}
 545              		.loc 1 64 3 is_stmt 1 view .LVU161
  64:Src/minihdlc-master/minihdlc.c **** 	}
 546              		.loc 1 64 4 is_stmt 0 view .LVU162
 547 007a 3846     		mov	r0, r7
 548 007c 9847     		blx	r3
 549              	.LVL39:
 550              	.L37:
  64:Src/minihdlc-master/minihdlc.c **** 	}
 551              		.loc 1 64 4 view .LVU163
 552              	.LBE27:
ARM GAS  /var/folders/hv/f19l0kw128sbpybv1h43gz3c0000gn/T//ccYDWeu3.s 			page 16


 553              	.LBE26:
 154:Src/minihdlc-master/minihdlc.c **** }
 554              		.loc 1 154 2 is_stmt 1 view .LVU164
 555              	.LBB28:
 556              	.LBI28:
  60:Src/minihdlc-master/minihdlc.c **** {
 557              		.loc 1 60 20 view .LVU165
 558              	.LBB29:
  62:Src/minihdlc-master/minihdlc.c **** 	{
 559              		.loc 1 62 2 view .LVU166
  62:Src/minihdlc-master/minihdlc.c **** 	{
 560              		.loc 1 62 10 is_stmt 0 view .LVU167
 561 007e 0B4B     		ldr	r3, .L43
 562 0080 1B68     		ldr	r3, [r3]
  62:Src/minihdlc-master/minihdlc.c **** 	{
 563              		.loc 1 62 5 view .LVU168
 564 0082 0BB1     		cbz	r3, .L25
  64:Src/minihdlc-master/minihdlc.c **** 	}
 565              		.loc 1 64 3 is_stmt 1 view .LVU169
  64:Src/minihdlc-master/minihdlc.c **** 	}
 566              		.loc 1 64 4 is_stmt 0 view .LVU170
 567 0084 7E20     		movs	r0, #126
 568 0086 9847     		blx	r3
 569              	.LVL40:
 570              	.L25:
  64:Src/minihdlc-master/minihdlc.c **** 	}
 571              		.loc 1 64 4 view .LVU171
 572              	.LBE29:
 573              	.LBE28:
 155:Src/minihdlc-master/minihdlc.c **** 
 574              		.loc 1 155 1 view .LVU172
 575 0088 F8BD     		pop	{r3, r4, r5, r6, r7, pc}
 576              	.LVL41:
 577              	.L41:
 143:Src/minihdlc-master/minihdlc.c **** 		data ^= (uint8_t)INVERT_OCTET;
 578              		.loc 1 143 3 is_stmt 1 view .LVU173
 579              	.LBB30:
 580              	.LBI30:
  60:Src/minihdlc-master/minihdlc.c **** {
 581              		.loc 1 60 20 view .LVU174
 582              	.LBB31:
  62:Src/minihdlc-master/minihdlc.c **** 	{
 583              		.loc 1 62 2 view .LVU175
  62:Src/minihdlc-master/minihdlc.c **** 	{
 584              		.loc 1 62 10 is_stmt 0 view .LVU176
 585 008a 084B     		ldr	r3, .L43
 586 008c 1B68     		ldr	r3, [r3]
  62:Src/minihdlc-master/minihdlc.c **** 	{
 587              		.loc 1 62 5 view .LVU177
 588 008e 0BB1     		cbz	r3, .L33
  64:Src/minihdlc-master/minihdlc.c **** 	}
 589              		.loc 1 64 3 is_stmt 1 view .LVU178
  64:Src/minihdlc-master/minihdlc.c **** 	}
 590              		.loc 1 64 4 is_stmt 0 view .LVU179
 591 0090 7D20     		movs	r0, #125
 592 0092 9847     		blx	r3
 593              	.LVL42:
ARM GAS  /var/folders/hv/f19l0kw128sbpybv1h43gz3c0000gn/T//ccYDWeu3.s 			page 17


 594              	.L33:
  64:Src/minihdlc-master/minihdlc.c **** 	}
 595              		.loc 1 64 4 view .LVU180
 596              	.LBE31:
 597              	.LBE30:
 144:Src/minihdlc-master/minihdlc.c **** 	}
 598              		.loc 1 144 3 is_stmt 1 view .LVU181
 144:Src/minihdlc-master/minihdlc.c **** 	}
 599              		.loc 1 144 8 is_stmt 0 view .LVU182
 600 0094 84F02004 		eor	r4, r4, #32
 601              	.LVL43:
 144:Src/minihdlc-master/minihdlc.c **** 	}
 602              		.loc 1 144 8 view .LVU183
 603 0098 E0E7     		b	.L32
 604              	.LVL44:
 605              	.L42:
 150:Src/minihdlc-master/minihdlc.c **** 		data ^= INVERT_OCTET;
 606              		.loc 1 150 3 is_stmt 1 view .LVU184
 607              	.LBB32:
 608              	.LBI32:
  60:Src/minihdlc-master/minihdlc.c **** {
 609              		.loc 1 60 20 view .LVU185
 610              	.LBB33:
  62:Src/minihdlc-master/minihdlc.c **** 	{
 611              		.loc 1 62 2 view .LVU186
  62:Src/minihdlc-master/minihdlc.c **** 	{
 612              		.loc 1 62 10 is_stmt 0 view .LVU187
 613 009a 044B     		ldr	r3, .L43
 614 009c 1B68     		ldr	r3, [r3]
  62:Src/minihdlc-master/minihdlc.c **** 	{
 615              		.loc 1 62 5 view .LVU188
 616 009e 0BB1     		cbz	r3, .L36
  64:Src/minihdlc-master/minihdlc.c **** 	}
 617              		.loc 1 64 3 is_stmt 1 view .LVU189
  64:Src/minihdlc-master/minihdlc.c **** 	}
 618              		.loc 1 64 4 is_stmt 0 view .LVU190
 619 00a0 7D20     		movs	r0, #125
 620 00a2 9847     		blx	r3
 621              	.LVL45:
 622              	.L36:
  64:Src/minihdlc-master/minihdlc.c **** 	}
 623              		.loc 1 64 4 view .LVU191
 624              	.LBE33:
 625              	.LBE32:
 151:Src/minihdlc-master/minihdlc.c **** 	}
 626              		.loc 1 151 3 is_stmt 1 view .LVU192
 151:Src/minihdlc-master/minihdlc.c **** 	}
 627              		.loc 1 151 8 is_stmt 0 view .LVU193
 628 00a4 87F02007 		eor	r7, r7, #32
 629              	.LVL46:
 151:Src/minihdlc-master/minihdlc.c **** 	}
 630              		.loc 1 151 8 view .LVU194
 631 00a8 E4E7     		b	.L35
 632              	.L44:
 633 00aa 00BF     		.align	2
 634              	.L43:
 635 00ac 00000000 		.word	mhst
ARM GAS  /var/folders/hv/f19l0kw128sbpybv1h43gz3c0000gn/T//ccYDWeu3.s 			page 18


 636              		.cfi_endproc
 637              	.LFE4:
 639              		.section	.text.minihdlc_send_frame_to_buffer,"ax",%progbits
 640              		.align	1
 641              		.global	minihdlc_send_frame_to_buffer
 642              		.syntax unified
 643              		.thumb
 644              		.thumb_func
 645              		.fpu softvfp
 647              	minihdlc_send_frame_to_buffer:
 648              	.LVL47:
 649              	.LFB7:
 176:Src/minihdlc-master/minihdlc.c **** 
 177:Src/minihdlc-master/minihdlc.c **** void minihdlc_send_frame_to_buffer(const uint8_t *frame_buffer,
 178:Src/minihdlc-master/minihdlc.c **** 								   uint8_t frame_length)
 179:Src/minihdlc-master/minihdlc.c **** {
 650              		.loc 1 179 1 is_stmt 1 view -0
 651              		.cfi_startproc
 652              		@ args = 0, pretend = 0, frame = 0
 653              		@ frame_needed = 0, uses_anonymous_args = 0
 654              		.loc 1 179 1 is_stmt 0 view .LVU196
 655 0000 38B5     		push	{r3, r4, r5, lr}
 656              	.LCFI2:
 657              		.cfi_def_cfa_offset 16
 658              		.cfi_offset 3, -16
 659              		.cfi_offset 4, -12
 660              		.cfi_offset 5, -8
 661              		.cfi_offset 14, -4
 662 0002 0446     		mov	r4, r0
 663 0004 0D46     		mov	r5, r1
 180:Src/minihdlc-master/minihdlc.c **** 	mhst.sendchar_function = buffer_push;
 664              		.loc 1 180 2 is_stmt 1 view .LVU197
 665              		.loc 1 180 25 is_stmt 0 view .LVU198
 666 0006 054B     		ldr	r3, .L47
 667 0008 054A     		ldr	r2, .L47+4
 668 000a 1A60     		str	r2, [r3]
 181:Src/minihdlc-master/minihdlc.c **** 	buffer_init();
 669              		.loc 1 181 2 is_stmt 1 view .LVU199
 670 000c FFF7FEFF 		bl	buffer_init
 671              	.LVL48:
 182:Src/minihdlc-master/minihdlc.c **** 	minihdlc_send_frame(frame_buffer, frame_length);
 672              		.loc 1 182 2 view .LVU200
 673 0010 2946     		mov	r1, r5
 674 0012 2046     		mov	r0, r4
 675 0014 FFF7FEFF 		bl	minihdlc_send_frame
 676              	.LVL49:
 183:Src/minihdlc-master/minihdlc.c **** }
 677              		.loc 1 183 1 is_stmt 0 view .LVU201
 678 0018 38BD     		pop	{r3, r4, r5, pc}
 679              	.LVL50:
 680              	.L48:
 681              		.loc 1 183 1 view .LVU202
 682 001a 00BF     		.align	2
 683              	.L47:
 684 001c 00000000 		.word	mhst
 685 0020 00000000 		.word	buffer_push
 686              		.cfi_endproc
ARM GAS  /var/folders/hv/f19l0kw128sbpybv1h43gz3c0000gn/T//ccYDWeu3.s 			page 19


 687              	.LFE7:
 689              		.section	.text.minihdlc_get_buffer,"ax",%progbits
 690              		.align	1
 691              		.global	minihdlc_get_buffer
 692              		.syntax unified
 693              		.thumb
 694              		.thumb_func
 695              		.fpu softvfp
 697              	minihdlc_get_buffer:
 698              	.LFB8:
 184:Src/minihdlc-master/minihdlc.c **** 
 185:Src/minihdlc-master/minihdlc.c **** uint8_t *minihdlc_get_buffer()
 186:Src/minihdlc-master/minihdlc.c **** {
 699              		.loc 1 186 1 is_stmt 1 view -0
 700              		.cfi_startproc
 701              		@ args = 0, pretend = 0, frame = 0
 702              		@ frame_needed = 0, uses_anonymous_args = 0
 703              		@ link register save eliminated.
 187:Src/minihdlc-master/minihdlc.c **** 	return frame_buffer;
 704              		.loc 1 187 2 view .LVU204
 188:Src/minihdlc-master/minihdlc.c **** }
 705              		.loc 1 188 1 is_stmt 0 view .LVU205
 706 0000 0048     		ldr	r0, .L50
 707 0002 7047     		bx	lr
 708              	.L51:
 709              		.align	2
 710              	.L50:
 711 0004 00000000 		.word	.LANCHOR1
 712              		.cfi_endproc
 713              	.LFE8:
 715              		.section	.text.minihdlc_get_buffer_size,"ax",%progbits
 716              		.align	1
 717              		.global	minihdlc_get_buffer_size
 718              		.syntax unified
 719              		.thumb
 720              		.thumb_func
 721              		.fpu softvfp
 723              	minihdlc_get_buffer_size:
 724              	.LFB9:
 189:Src/minihdlc-master/minihdlc.c **** 
 190:Src/minihdlc-master/minihdlc.c **** uint32_t minihdlc_get_buffer_size()
 191:Src/minihdlc-master/minihdlc.c **** {
 725              		.loc 1 191 1 is_stmt 1 view -0
 726              		.cfi_startproc
 727              		@ args = 0, pretend = 0, frame = 0
 728              		@ frame_needed = 0, uses_anonymous_args = 0
 729              		@ link register save eliminated.
 192:Src/minihdlc-master/minihdlc.c **** 	return frame_buffer_size;
 730              		.loc 1 192 2 view .LVU207
 193:Src/minihdlc-master/minihdlc.c **** }
 731              		.loc 1 193 1 is_stmt 0 view .LVU208
 732 0000 014B     		ldr	r3, .L53
 733 0002 1868     		ldr	r0, [r3]
 734 0004 7047     		bx	lr
 735              	.L54:
 736 0006 00BF     		.align	2
 737              	.L53:
ARM GAS  /var/folders/hv/f19l0kw128sbpybv1h43gz3c0000gn/T//ccYDWeu3.s 			page 20


 738 0008 00000000 		.word	.LANCHOR0
 739              		.cfi_endproc
 740              	.LFE9:
 742              		.comm	mhst,80,4
 743              		.section	.bss.frame_buffer,"aw",%nobits
 744              		.align	2
 745              		.set	.LANCHOR1,. + 0
 748              	frame_buffer:
 749 0000 00000000 		.space	65
 749      00000000 
 749      00000000 
 749      00000000 
 749      00000000 
 750              		.section	.bss.frame_buffer_size,"aw",%nobits
 751              		.align	2
 752              		.set	.LANCHOR0,. + 0
 755              	frame_buffer_size:
 756 0000 00000000 		.space	4
 757              		.text
 758              	.Letext0:
 759              		.file 2 "/Users/luissousa/opt/gcc-arm-none-eabi-8-2018-q4-major/arm-none-eabi/include/machine/_def
 760              		.file 3 "/Users/luissousa/opt/gcc-arm-none-eabi-8-2018-q4-major/arm-none-eabi/include/sys/_stdint.
 761              		.file 4 "Src/minihdlc-master/minihdlc.h"
ARM GAS  /var/folders/hv/f19l0kw128sbpybv1h43gz3c0000gn/T//ccYDWeu3.s 			page 21


DEFINED SYMBOLS
                            *ABS*:0000000000000000 minihdlc.c
/var/folders/hv/f19l0kw128sbpybv1h43gz3c0000gn/T//ccYDWeu3.s:16     .text._crc_ccitt_update:0000000000000000 $t
/var/folders/hv/f19l0kw128sbpybv1h43gz3c0000gn/T//ccYDWeu3.s:23     .text._crc_ccitt_update:0000000000000000 _crc_ccitt_update
/var/folders/hv/f19l0kw128sbpybv1h43gz3c0000gn/T//ccYDWeu3.s:63     .text.buffer_init:0000000000000000 $t
/var/folders/hv/f19l0kw128sbpybv1h43gz3c0000gn/T//ccYDWeu3.s:69     .text.buffer_init:0000000000000000 buffer_init
/var/folders/hv/f19l0kw128sbpybv1h43gz3c0000gn/T//ccYDWeu3.s:86     .text.buffer_init:0000000000000008 $d
/var/folders/hv/f19l0kw128sbpybv1h43gz3c0000gn/T//ccYDWeu3.s:91     .text.buffer_push:0000000000000000 $t
/var/folders/hv/f19l0kw128sbpybv1h43gz3c0000gn/T//ccYDWeu3.s:97     .text.buffer_push:0000000000000000 buffer_push
/var/folders/hv/f19l0kw128sbpybv1h43gz3c0000gn/T//ccYDWeu3.s:127    .text.buffer_push:0000000000000014 $d
/var/folders/hv/f19l0kw128sbpybv1h43gz3c0000gn/T//ccYDWeu3.s:133    .text.minihdlc_init:0000000000000000 $t
/var/folders/hv/f19l0kw128sbpybv1h43gz3c0000gn/T//ccYDWeu3.s:140    .text.minihdlc_init:0000000000000000 minihdlc_init
/var/folders/hv/f19l0kw128sbpybv1h43gz3c0000gn/T//ccYDWeu3.s:173    .text.minihdlc_init:0000000000000014 $d
                            *COM*:0000000000000050 mhst
/var/folders/hv/f19l0kw128sbpybv1h43gz3c0000gn/T//ccYDWeu3.s:178    .text.minihdlc_char_receiver:0000000000000000 $t
/var/folders/hv/f19l0kw128sbpybv1h43gz3c0000gn/T//ccYDWeu3.s:185    .text.minihdlc_char_receiver:0000000000000000 minihdlc_char_receiver
/var/folders/hv/f19l0kw128sbpybv1h43gz3c0000gn/T//ccYDWeu3.s:348    .text.minihdlc_char_receiver:00000000000000a0 $d
/var/folders/hv/f19l0kw128sbpybv1h43gz3c0000gn/T//ccYDWeu3.s:354    .text.minihdlc_send_frame:0000000000000000 $t
/var/folders/hv/f19l0kw128sbpybv1h43gz3c0000gn/T//ccYDWeu3.s:361    .text.minihdlc_send_frame:0000000000000000 minihdlc_send_frame
/var/folders/hv/f19l0kw128sbpybv1h43gz3c0000gn/T//ccYDWeu3.s:635    .text.minihdlc_send_frame:00000000000000ac $d
/var/folders/hv/f19l0kw128sbpybv1h43gz3c0000gn/T//ccYDWeu3.s:640    .text.minihdlc_send_frame_to_buffer:0000000000000000 $t
/var/folders/hv/f19l0kw128sbpybv1h43gz3c0000gn/T//ccYDWeu3.s:647    .text.minihdlc_send_frame_to_buffer:0000000000000000 minihdlc_send_frame_to_buffer
/var/folders/hv/f19l0kw128sbpybv1h43gz3c0000gn/T//ccYDWeu3.s:684    .text.minihdlc_send_frame_to_buffer:000000000000001c $d
/var/folders/hv/f19l0kw128sbpybv1h43gz3c0000gn/T//ccYDWeu3.s:690    .text.minihdlc_get_buffer:0000000000000000 $t
/var/folders/hv/f19l0kw128sbpybv1h43gz3c0000gn/T//ccYDWeu3.s:697    .text.minihdlc_get_buffer:0000000000000000 minihdlc_get_buffer
/var/folders/hv/f19l0kw128sbpybv1h43gz3c0000gn/T//ccYDWeu3.s:711    .text.minihdlc_get_buffer:0000000000000004 $d
/var/folders/hv/f19l0kw128sbpybv1h43gz3c0000gn/T//ccYDWeu3.s:716    .text.minihdlc_get_buffer_size:0000000000000000 $t
/var/folders/hv/f19l0kw128sbpybv1h43gz3c0000gn/T//ccYDWeu3.s:723    .text.minihdlc_get_buffer_size:0000000000000000 minihdlc_get_buffer_size
/var/folders/hv/f19l0kw128sbpybv1h43gz3c0000gn/T//ccYDWeu3.s:738    .text.minihdlc_get_buffer_size:0000000000000008 $d
/var/folders/hv/f19l0kw128sbpybv1h43gz3c0000gn/T//ccYDWeu3.s:744    .bss.frame_buffer:0000000000000000 $d
/var/folders/hv/f19l0kw128sbpybv1h43gz3c0000gn/T//ccYDWeu3.s:748    .bss.frame_buffer:0000000000000000 frame_buffer
/var/folders/hv/f19l0kw128sbpybv1h43gz3c0000gn/T//ccYDWeu3.s:751    .bss.frame_buffer_size:0000000000000000 $d
/var/folders/hv/f19l0kw128sbpybv1h43gz3c0000gn/T//ccYDWeu3.s:755    .bss.frame_buffer_size:0000000000000000 frame_buffer_size

NO UNDEFINED SYMBOLS
